#
# There is insufficient memory for the Java Runtime Environment to continue.
# Native memory allocation (malloc) failed to allocate 526896 bytes. Error detail: Chunk::new
# Possible reasons:
#   The system is out of physical RAM or swap space
#   This process is running with CompressedOops enabled, and the Java Heap may be blocking the growth of the native heap
# Possible solutions:
#   Reduce memory load on the system
#   Increase physical memory or swap space
#   Check if swap backing store is full
#   Decrease Java heap size (-Xmx/-Xms)
#   Decrease number of Java threads
#   Decrease Java thread stack sizes (-Xss)
#   Set larger code cache with -XX:ReservedCodeCacheSize=
#   JVM is running with Unscaled Compressed Oops mode in which the Java heap is
#     placed in the first 4GB address space. The Java Heap base address is the
#     maximum limit for the native heap growth. Please use -XX:HeapBaseMinAddress
#     to set the Java Heap base and to place the Java Heap above 4GB virtual address.
# This output file may be truncated or incomplete.
#
#  Out of Memory Error (arena.cpp:168), pid=4368, tid=23876
#
# JRE version: OpenJDK Runtime Environment Temurin-21.0.10+7 (21.0.10+7) (build 21.0.10+7-LTS)
# Java VM: OpenJDK 64-Bit Server VM Temurin-21.0.10+7 (21.0.10+7-LTS, mixed mode, sharing, tiered, compressed oops, compressed class ptrs, g1 gc, windows-amd64)
# No core dump will be written. Minidumps are not enabled by default on client versions of Windows
#

---------------  S U M M A R Y ------------

Command Line: -XX:+ShowCodeDetailsInExceptionMessages com.clinic.eureka_server.EurekaServerApplication

Host: AMD Ryzen 7 4800H with Radeon Graphics         , 16 cores, 7G,  Windows 11 , 64 bit Build 26100 (10.0.26100.8246)
Time: Sun May 10 17:48:39 2026 Hora est. Sudamérica Pacífico elapsed time: 315.090013 seconds (0d 0h 5m 15s)

---------------  T H R E A D  ---------------

Current thread (0x0000017cb65375f0):  JavaThread "C2 CompilerThread0" daemon [_thread_in_native, id=23876, stack(0x00000039ae500000,0x00000039ae600000) (1024K)]


Current CompileTask:
C2:315090 8245       4       sun.net.www.protocol.jar.Handler::parseURL (173 bytes)

Stack: [0x00000039ae500000,0x00000039ae600000]
Native frames: (J=compiled Java code, j=interpreted, Vv=VM code, C=native code)
V  [jvm.dll+0x6d7a39]
V  [jvm.dll+0x8b4b26]
V  [jvm.dll+0x8b70de]
V  [jvm.dll+0x8b77c3]
V  [jvm.dll+0x284346]
V  [jvm.dll+0xc66ed]
V  [jvm.dll+0xc6c31]
V  [jvm.dll+0x3bec01]
V  [jvm.dll+0x38b162]
V  [jvm.dll+0x38a5aa]
V  [jvm.dll+0x24c560]
V  [jvm.dll+0x24bb40]
V  [jvm.dll+0x1cb34e]
V  [jvm.dll+0x25b85d]
V  [jvm.dll+0x259dea]
V  [jvm.dll+0x3f857e]
V  [jvm.dll+0x85f59d]
V  [jvm.dll+0x6d626d]
C  [ucrtbase.dll+0x37b0]
C  [KERNEL32.DLL+0x2e8d7]
C  [ntdll.dll+0x8c3fc]


---------------  P R O C E S S  ---------------

Threads class SMR info:
_java_thread_list=0x0000017cfcac4650, length=60, elements={
0x0000017cb652e460, 0x0000017cb652eec0, 0x0000017cb6530930, 0x0000017cb6531390,
0x0000017cb6535e00, 0x0000017cb6536860, 0x0000017cb65375f0, 0x0000017cb6538090,
0x0000017cfc1a8dc0, 0x0000017cfc1bc0d0, 0x0000017cfc8f3700, 0x0000017cfdb46820,
0x0000017cfef6f850, 0x0000017c80957320, 0x0000017cff84dcf0, 0x0000017c8048a450,
0x0000017c80487660, 0x0000017c80489dc0, 0x0000017c8048aae0, 0x0000017c80489730,
0x0000017c80487cf0, 0x0000017c80488380, 0x0000017c80488a10, 0x0000017c804890a0,
0x0000017cfe5a77c0, 0x0000017cfe5a84e0, 0x0000017cfe5a9200, 0x0000017cfe5a7e50,
0x0000017cfe5a8b70, 0x0000017cfe5a9890, 0x0000017cfe5a9f20, 0x0000017cfe5aa5b0,
0x0000017cfe5a7130, 0x0000017cfe5ae0c0, 0x0000017cfe5abff0, 0x0000017cfe5acd10,
0x0000017cfe5ab960, 0x0000017cfe5ada30, 0x0000017cfe5ac680, 0x0000017cfe5ab2d0,
0x0000017cfe5ad3a0, 0x0000017cfe5aac40, 0x0000017cfe5ae750, 0x0000017cfff1a060,
0x0000017cfff19340, 0x0000017cfff17f90, 0x0000017cfff1baa0, 0x0000017cfff18620,
0x0000017cfff1a6f0, 0x0000017cfff1ad80, 0x0000017cfff18cb0, 0x0000017cfff1c130,
0x0000017cfff1c7c0, 0x0000017cfff1ce50, 0x0000017cfff1e200, 0x0000017cfff1d4e0,
0x0000017cfff1e890, 0x0000017cfff1b410, 0x0000017cfe5432c0, 0x0000017cfe541780
}

Java Threads: ( => current thread )
  0x0000017cb652e460 JavaThread "Reference Handler"          daemon [_thread_blocked, id=22192, stack(0x00000039adf00000,0x00000039ae000000) (1024K)]
  0x0000017cb652eec0 JavaThread "Finalizer"                  daemon [_thread_blocked, id=3932, stack(0x00000039ae000000,0x00000039ae100000) (1024K)]
  0x0000017cb6530930 JavaThread "Signal Dispatcher"          daemon [_thread_blocked, id=12456, stack(0x00000039ae100000,0x00000039ae200000) (1024K)]
  0x0000017cb6531390 JavaThread "Attach Listener"            daemon [_thread_blocked, id=23296, stack(0x00000039ae200000,0x00000039ae300000) (1024K)]
  0x0000017cb6535e00 JavaThread "Service Thread"             daemon [_thread_blocked, id=24248, stack(0x00000039ae300000,0x00000039ae400000) (1024K)]
  0x0000017cb6536860 JavaThread "Monitor Deflation Thread"   daemon [_thread_blocked, id=12936, stack(0x00000039ae400000,0x00000039ae500000) (1024K)]
=>0x0000017cb65375f0 JavaThread "C2 CompilerThread0"         daemon [_thread_in_native, id=23876, stack(0x00000039ae500000,0x00000039ae600000) (1024K)]
  0x0000017cb6538090 JavaThread "C1 CompilerThread0"         daemon [_thread_blocked, id=4856, stack(0x00000039ae600000,0x00000039ae700000) (1024K)]
  0x0000017cfc1a8dc0 JavaThread "Notification Thread"        daemon [_thread_blocked, id=22656, stack(0x00000039ae900000,0x00000039aea00000) (1024K)]
  0x0000017cfc1bc0d0 JavaThread "Common-Cleaner"             daemon [_thread_blocked, id=20920, stack(0x00000039aea00000,0x00000039aeb00000) (1024K)]
  0x0000017cfc8f3700 JavaThread "Catalina-utility-1"                [_thread_blocked, id=17552, stack(0x00000039afb00000,0x00000039afc00000) (1024K)]
  0x0000017cfdb46820 JavaThread "Catalina-utility-2"                [_thread_blocked, id=9652, stack(0x00000039afc00000,0x00000039afd00000) (1024K)]
  0x0000017cfef6f850 JavaThread "container-0"                       [_thread_blocked, id=9236, stack(0x00000039afd00000,0x00000039afe00000) (1024K)]
  0x0000017c80957320 JavaThread "spectator-gauge-polling-0"  daemon [_thread_blocked, id=13132, stack(0x00000039af800000,0x00000039af900000) (1024K)]
  0x0000017cff84dcf0 JavaThread "Eureka-DeltaRetentionTimer" daemon [_thread_blocked, id=1872, stack(0x00000039af900000,0x00000039afa00000) (1024K)]
  0x0000017c8048a450 JavaThread "Eureka-EvictionTimer"       daemon [_thread_blocked, id=16192, stack(0x00000039afe00000,0x00000039aff00000) (1024K)]
  0x0000017c80487660 JavaThread "Eureka-MeasureRateTimer"    daemon [_thread_blocked, id=3624, stack(0x00000039aff00000,0x00000039b0000000) (1024K)]
  0x0000017c80489dc0 JavaThread "ReplicaAwareInstanceRegistry - RenewalThresholdUpdater" daemon [_thread_blocked, id=10052, stack(0x00000039b0000000,0x00000039b0100000) (1024K)]
  0x0000017c8048aae0 JavaThread "Eureka-MeasureRateTimer"    daemon [_thread_blocked, id=10368, stack(0x00000039b0100000,0x00000039b0200000) (1024K)]
  0x0000017c80489730 JavaThread "Eureka-Jersey3Client-Conn-Cleaner2" daemon [_thread_blocked, id=22700, stack(0x00000039ae800000,0x00000039ae900000) (1024K)]
  0x0000017c80487cf0 JavaThread "TaskAcceptor-target_localhost" daemon [_thread_blocked, id=20068, stack(0x00000039b0200000,0x00000039b0300000) (1024K)]
  0x0000017c80488380 JavaThread "TaskBatchingWorker-target_localhost-0" daemon [_thread_blocked, id=23584, stack(0x00000039b0400000,0x00000039b0500000) (1024K)]
  0x0000017c80488a10 JavaThread "TaskBatchingWorker-target_localhost-1" daemon [_thread_blocked, id=22680, stack(0x00000039b0500000,0x00000039b0600000) (1024K)]
  0x0000017c804890a0 JavaThread "TaskBatchingWorker-target_localhost-2" daemon [_thread_blocked, id=8480, stack(0x00000039b0600000,0x00000039b0700000) (1024K)]
  0x0000017cfe5a77c0 JavaThread "TaskBatchingWorker-target_localhost-3" daemon [_thread_blocked, id=11040, stack(0x00000039b0700000,0x00000039b0800000) (1024K)]
  0x0000017cfe5a84e0 JavaThread "TaskBatchingWorker-target_localhost-4" daemon [_thread_blocked, id=16196, stack(0x00000039b0800000,0x00000039b0900000) (1024K)]
  0x0000017cfe5a9200 JavaThread "TaskBatchingWorker-target_localhost-5" daemon [_thread_blocked, id=13624, stack(0x00000039b0900000,0x00000039b0a00000) (1024K)]
  0x0000017cfe5a7e50 JavaThread "TaskBatchingWorker-target_localhost-6" daemon [_thread_blocked, id=1556, stack(0x00000039b0a00000,0x00000039b0b00000) (1024K)]
  0x0000017cfe5a8b70 JavaThread "TaskBatchingWorker-target_localhost-7" daemon [_thread_blocked, id=22156, stack(0x00000039b0b00000,0x00000039b0c00000) (1024K)]
  0x0000017cfe5a9890 JavaThread "TaskBatchingWorker-target_localhost-8" daemon [_thread_blocked, id=21872, stack(0x00000039b0c00000,0x00000039b0d00000) (1024K)]
  0x0000017cfe5a9f20 JavaThread "TaskBatchingWorker-target_localhost-9" daemon [_thread_blocked, id=6260, stack(0x00000039b0d00000,0x00000039b0e00000) (1024K)]
  0x0000017cfe5aa5b0 JavaThread "TaskBatchingWorker-target_localhost-10" daemon [_thread_blocked, id=21756, stack(0x00000039b0e00000,0x00000039b0f00000) (1024K)]
  0x0000017cfe5a7130 JavaThread "TaskBatchingWorker-target_localhost-11" daemon [_thread_blocked, id=23056, stack(0x00000039b0f00000,0x00000039b1000000) (1024K)]
  0x0000017cfe5ae0c0 JavaThread "TaskBatchingWorker-target_localhost-12" daemon [_thread_blocked, id=3784, stack(0x00000039b1000000,0x00000039b1100000) (1024K)]
  0x0000017cfe5abff0 JavaThread "TaskBatchingWorker-target_localhost-13" daemon [_thread_blocked, id=9252, stack(0x00000039b1100000,0x00000039b1200000) (1024K)]
  0x0000017cfe5acd10 JavaThread "TaskBatchingWorker-target_localhost-14" daemon [_thread_blocked, id=3224, stack(0x00000039b1200000,0x00000039b1300000) (1024K)]
  0x0000017cfe5ab960 JavaThread "TaskBatchingWorker-target_localhost-15" daemon [_thread_blocked, id=12416, stack(0x00000039b1300000,0x00000039b1400000) (1024K)]
  0x0000017cfe5ada30 JavaThread "TaskBatchingWorker-target_localhost-16" daemon [_thread_blocked, id=3744, stack(0x00000039b1400000,0x00000039b1500000) (1024K)]
  0x0000017cfe5ac680 JavaThread "TaskBatchingWorker-target_localhost-17" daemon [_thread_blocked, id=12764, stack(0x00000039b1500000,0x00000039b1600000) (1024K)]
  0x0000017cfe5ab2d0 JavaThread "TaskBatchingWorker-target_localhost-18" daemon [_thread_blocked, id=14992, stack(0x00000039b1600000,0x00000039b1700000) (1024K)]
  0x0000017cfe5ad3a0 JavaThread "TaskBatchingWorker-target_localhost-19" daemon [_thread_blocked, id=2580, stack(0x00000039b1700000,0x00000039b1800000) (1024K)]
  0x0000017cfe5aac40 JavaThread "TaskAcceptor-localhost"     daemon [_thread_blocked, id=16688, stack(0x00000039b1800000,0x00000039b1900000) (1024K)]
  0x0000017cfe5ae750 JavaThread "TaskNonBatchingWorker-localhost-0" daemon [_thread_blocked, id=16252, stack(0x00000039b1900000,0x00000039b1a00000) (1024K)]
  0x0000017cfff1a060 JavaThread "Eureka-PeerNodesUpdater"    daemon [_thread_blocked, id=5160, stack(0x00000039b1a00000,0x00000039b1b00000) (1024K)]
  0x0000017cfff19340 JavaThread "Eureka-CacheFillTimer"      daemon [_thread_blocked, id=13316, stack(0x00000039b1b00000,0x00000039b1c00000) (1024K)]
  0x0000017cfff17f90 JavaThread "http-nio-8761-exec-1"       daemon [_thread_blocked, id=20544, stack(0x00000039b1d00000,0x00000039b1e00000) (1024K)]
  0x0000017cfff1baa0 JavaThread "http-nio-8761-exec-2"       daemon [_thread_in_vm, id=12420, stack(0x00000039b1e00000,0x00000039b1f00000) (1024K)]
  0x0000017cfff18620 JavaThread "http-nio-8761-exec-3"       daemon [_thread_blocked, id=3900, stack(0x00000039b1f00000,0x00000039b2000000) (1024K)]
  0x0000017cfff1a6f0 JavaThread "http-nio-8761-exec-4"       daemon [_thread_blocked, id=23052, stack(0x00000039b2000000,0x00000039b2100000) (1024K)]
  0x0000017cfff1ad80 JavaThread "http-nio-8761-exec-5"       daemon [_thread_blocked, id=23628, stack(0x00000039b2100000,0x00000039b2200000) (1024K)]
  0x0000017cfff18cb0 JavaThread "http-nio-8761-exec-6"       daemon [_thread_blocked, id=1052, stack(0x00000039b2200000,0x00000039b2300000) (1024K)]
  0x0000017cfff1c130 JavaThread "http-nio-8761-exec-7"       daemon [_thread_blocked, id=3732, stack(0x00000039b2300000,0x00000039b2400000) (1024K)]
  0x0000017cfff1c7c0 JavaThread "http-nio-8761-exec-8"       daemon [_thread_blocked, id=23680, stack(0x00000039b2400000,0x00000039b2500000) (1024K)]
  0x0000017cfff1ce50 JavaThread "http-nio-8761-exec-9"       daemon [_thread_blocked, id=19384, stack(0x00000039b2500000,0x00000039b2600000) (1024K)]
  0x0000017cfff1e200 JavaThread "http-nio-8761-exec-10"      daemon [_thread_blocked, id=20388, stack(0x00000039b2600000,0x00000039b2700000) (1024K)]
  0x0000017cfff1d4e0 JavaThread "http-nio-8761-Poller"       daemon [_thread_in_native, id=3524, stack(0x00000039b2700000,0x00000039b2800000) (1024K)]
  0x0000017cfff1e890 JavaThread "http-nio-8761-Acceptor"     daemon [_thread_in_native, id=5508, stack(0x00000039b2800000,0x00000039b2900000) (1024K)]
  0x0000017cfff1b410 JavaThread "DestroyJavaVM"                     [_thread_blocked, id=22316, stack(0x00000039ad700000,0x00000039ad800000) (1024K)]
  0x0000017cfe5432c0 JavaThread "C1 CompilerThread1"         daemon [_thread_blocked, id=24564, stack(0x00000039ad600000,0x00000039ad700000) (1024K)]
  0x0000017cfe541780 JavaThread "C1 CompilerThread2"         daemon [_thread_blocked, id=17748, stack(0x00000039ae700000,0x00000039ae800000) (1024K)]
Total: 60

Other Threads:
  0x0000017cb65126e0 VMThread "VM Thread"                           [id=4048, stack(0x00000039ade00000,0x00000039adf00000) (1024K)]
  0x0000017cb6503ce0 WatcherThread "VM Periodic Task Thread"        [id=16892, stack(0x00000039add00000,0x00000039ade00000) (1024K)]
  0x0000017c9f10b650 WorkerThread "GC Thread#0"                     [id=10112, stack(0x00000039ad800000,0x00000039ad900000) (1024K)]
  0x0000017cfc98db60 WorkerThread "GC Thread#1"                     [id=4912, stack(0x00000039aeb00000,0x00000039aec00000) (1024K)]
  0x0000017cfcfec470 WorkerThread "GC Thread#2"                     [id=22756, stack(0x00000039aec00000,0x00000039aed00000) (1024K)]
  0x0000017cfcfec820 WorkerThread "GC Thread#3"                     [id=12672, stack(0x00000039aed00000,0x00000039aee00000) (1024K)]
  0x0000017cfd011e10 WorkerThread "GC Thread#4"                     [id=5392, stack(0x00000039aef00000,0x00000039af000000) (1024K)]
  0x0000017cfd0121c0 WorkerThread "GC Thread#5"                     [id=17456, stack(0x00000039af000000,0x00000039af100000) (1024K)]
  0x0000017cfd380830 WorkerThread "GC Thread#6"                     [id=11292, stack(0x00000039af100000,0x00000039af200000) (1024K)]
  0x0000017cfd10b020 WorkerThread "GC Thread#7"                     [id=9820, stack(0x00000039af200000,0x00000039af300000) (1024K)]
  0x0000017cfd10c290 WorkerThread "GC Thread#8"                     [id=10816, stack(0x00000039af300000,0x00000039af400000) (1024K)]
  0x0000017cfd10c9f0 WorkerThread "GC Thread#9"                     [id=2172, stack(0x00000039af400000,0x00000039af500000) (1024K)]
  0x0000017cfd10b3d0 WorkerThread "GC Thread#10"                    [id=1132, stack(0x00000039af500000,0x00000039af600000) (1024K)]
  0x0000017cfd10bb30 WorkerThread "GC Thread#11"                    [id=20732, stack(0x00000039af600000,0x00000039af700000) (1024K)]
  0x0000017cfd10c640 WorkerThread "GC Thread#12"                    [id=16148, stack(0x00000039af700000,0x00000039af800000) (1024K)]
  0x0000017c9f11b110 ConcurrentGCThread "G1 Main Marker"            [id=17688, stack(0x00000039ad900000,0x00000039ada00000) (1024K)]
  0x0000017c9f11bb30 WorkerThread "G1 Conc#0"                       [id=16480, stack(0x00000039ada00000,0x00000039adb00000) (1024K)]
  0x0000017cfd10b780 WorkerThread "G1 Conc#1"                       [id=9160, stack(0x00000039aee00000,0x00000039aef00000) (1024K)]
  0x0000017cfd10bee0 WorkerThread "G1 Conc#2"                       [id=17316, stack(0x00000039afa00000,0x00000039afb00000) (1024K)]
  0x0000017cb63c90a0 ConcurrentGCThread "G1 Refine#0"               [id=7828, stack(0x00000039adb00000,0x00000039adc00000) (1024K)]
  0x0000017cb63c9a30 ConcurrentGCThread "G1 Service"                [id=16140, stack(0x00000039adc00000,0x00000039add00000) (1024K)]
Total: 21

Threads with active compile tasks:
C2 CompilerThread0  319613 8245       4       sun.net.www.protocol.jar.Handler::parseURL (173 bytes)
Total: 1

VM state: not at safepoint (normal execution)

VM Mutex/Monitor currently owned by a thread: None

Heap address: 0x000000008a200000, size: 1886 MB, Compressed Oops mode: 32-bit

CDS archive(s) mapped at: [0x0000017cb7000000-0x0000017cb7ba0000-0x0000017cb7ba0000), size 12189696, SharedBaseAddress: 0x0000017cb7000000, ArchiveRelocationMode: 1.
Compressed class space mapped at: 0x0000017cb8000000-0x0000017cf8000000, reserved size: 1073741824
Narrow klass base: 0x0000017cb7000000, Narrow klass shift: 0, Narrow klass range: 0x100000000

GC Precious Log:
 CardTable entry size: 512
 Card Set container configuration: InlinePtr #cards 5 size 8 Array Of Cards #cards 12 size 40 Howl #buckets 4 coarsen threshold 1843 Howl Bitmap #cards 512 size 80 coarsen threshold 460 Card regions per heap region 1 cards per card region 2048
 CPUs: 16 total, 16 available
 Memory: 7537M
 Large Page Support: Disabled
 NUMA Support: Disabled
 Compressed Oops: Enabled (32-bit)
 Heap Region Size: 1M
 Heap Min Capacity: 8M
 Heap Initial Capacity: 118M
 Heap Max Capacity: 1886M
 Pre-touch: Disabled
 Parallel Workers: 13
 Concurrent Workers: 3
 Concurrent Refinement Workers: 13
 Periodic GC: Disabled

Heap:
 garbage-first heap   total 79872K, used 55737K [0x000000008a200000, 0x0000000100000000)
  region size 1024K, 15 young (15360K), 3 survivors (3072K)
 Metaspace       used 63613K, committed 64384K, reserved 1114112K
  class space    used 8544K, committed 8896K, reserved 1048576K

Heap Regions: E=young(eden), S=young(survivor), O=old, HS=humongous(starts), HC=humongous(continues), CS=collection set, F=free, TAMS=top-at-mark-start, PB=parsable bottom
|   0|0x000000008a200000, 0x000000008a300000, 0x000000008a300000|100%|HS|  |TAMS 0x000000008a200000| PB 0x000000008a200000| Complete 
|   1|0x000000008a300000, 0x000000008a400000, 0x000000008a400000|100%| O|  |TAMS 0x000000008a300000| PB 0x000000008a300000| Untracked 
|   2|0x000000008a400000, 0x000000008a500000, 0x000000008a500000|100%| O|  |TAMS 0x000000008a400000| PB 0x000000008a400000| Untracked 
|   3|0x000000008a500000, 0x000000008a600000, 0x000000008a600000|100%| O|  |TAMS 0x000000008a500000| PB 0x000000008a500000| Untracked 
|   4|0x000000008a600000, 0x000000008a700000, 0x000000008a700000|100%| O|  |TAMS 0x000000008a600000| PB 0x000000008a600000| Untracked 
|   5|0x000000008a700000, 0x000000008a800000, 0x000000008a800000|100%| O|  |TAMS 0x000000008a700000| PB 0x000000008a700000| Untracked 
|   6|0x000000008a800000, 0x000000008a900000, 0x000000008a900000|100%| O|  |TAMS 0x000000008a800000| PB 0x000000008a800000| Untracked 
|   7|0x000000008a900000, 0x000000008aa00000, 0x000000008aa00000|100%| O|  |TAMS 0x000000008a900000| PB 0x000000008a900000| Untracked 
|   8|0x000000008aa00000, 0x000000008ab00000, 0x000000008ab00000|100%| O|  |TAMS 0x000000008aa00000| PB 0x000000008aa00000| Untracked 
|   9|0x000000008ab00000, 0x000000008ac00000, 0x000000008ac00000|100%| O|Cm|TAMS 0x000000008ab00000| PB 0x000000008ab00000| Complete 
|  10|0x000000008ac00000, 0x000000008ad00000, 0x000000008ad00000|100%| O|Cm|TAMS 0x000000008ac00000| PB 0x000000008ac00000| Complete 
|  11|0x000000008ad00000, 0x000000008ae00000, 0x000000008ae00000|100%| O|  |TAMS 0x000000008ad00000| PB 0x000000008ad00000| Untracked 
|  12|0x000000008ae00000, 0x000000008af00000, 0x000000008af00000|100%| O|  |TAMS 0x000000008ae00000| PB 0x000000008ae00000| Untracked 
|  13|0x000000008af00000, 0x000000008b000000, 0x000000008b000000|100%| O|  |TAMS 0x000000008af00000| PB 0x000000008af00000| Untracked 
|  14|0x000000008b000000, 0x000000008b100000, 0x000000008b100000|100%| O|  |TAMS 0x000000008b000000| PB 0x000000008b000000| Untracked 
|  15|0x000000008b100000, 0x000000008b200000, 0x000000008b200000|100%| O|  |TAMS 0x000000008b100000| PB 0x000000008b100000| Untracked 
|  16|0x000000008b200000, 0x000000008b300000, 0x000000008b300000|100%| O|  |TAMS 0x000000008b200000| PB 0x000000008b200000| Untracked 
|  17|0x000000008b300000, 0x000000008b400000, 0x000000008b400000|100%| O|  |TAMS 0x000000008b300000| PB 0x000000008b300000| Untracked 
|  18|0x000000008b400000, 0x000000008b500000, 0x000000008b500000|100%| O|  |TAMS 0x000000008b400000| PB 0x000000008b400000| Untracked 
|  19|0x000000008b500000, 0x000000008b600000, 0x000000008b600000|100%| O|  |TAMS 0x000000008b500000| PB 0x000000008b500000| Untracked 
|  20|0x000000008b600000, 0x000000008b700000, 0x000000008b700000|100%| O|  |TAMS 0x000000008b600000| PB 0x000000008b600000| Untracked 
|  21|0x000000008b700000, 0x000000008b800000, 0x000000008b800000|100%| O|  |TAMS 0x000000008b700000| PB 0x000000008b700000| Untracked 
|  22|0x000000008b800000, 0x000000008b900000, 0x000000008b900000|100%| O|  |TAMS 0x000000008b800000| PB 0x000000008b800000| Untracked 
|  23|0x000000008b900000, 0x000000008ba00000, 0x000000008ba00000|100%| O|  |TAMS 0x000000008b900000| PB 0x000000008b900000| Untracked 
|  24|0x000000008ba00000, 0x000000008bb00000, 0x000000008bb00000|100%| O|  |TAMS 0x000000008ba00000| PB 0x000000008ba00000| Untracked 
|  25|0x000000008bb00000, 0x000000008bc00000, 0x000000008bc00000|100%| O|  |TAMS 0x000000008bb00000| PB 0x000000008bb00000| Untracked 
|  26|0x000000008bc00000, 0x000000008bd00000, 0x000000008bd00000|100%| O|  |TAMS 0x000000008bc00000| PB 0x000000008bc00000| Untracked 
|  27|0x000000008bd00000, 0x000000008be00000, 0x000000008be00000|100%| O|  |TAMS 0x000000008bd00000| PB 0x000000008bd00000| Untracked 
|  28|0x000000008be00000, 0x000000008bf00000, 0x000000008bf00000|100%| O|  |TAMS 0x000000008be00000| PB 0x000000008be00000| Untracked 
|  29|0x000000008bf00000, 0x000000008c000000, 0x000000008c000000|100%| O|  |TAMS 0x000000008bf00000| PB 0x000000008bf00000| Untracked 
|  30|0x000000008c000000, 0x000000008c100000, 0x000000008c100000|100%| O|  |TAMS 0x000000008c000000| PB 0x000000008c000000| Untracked 
|  31|0x000000008c100000, 0x000000008c200000, 0x000000008c200000|100%| O|  |TAMS 0x000000008c100000| PB 0x000000008c100000| Untracked 
|  32|0x000000008c200000, 0x000000008c300000, 0x000000008c300000|100%| O|  |TAMS 0x000000008c200000| PB 0x000000008c200000| Untracked 
|  33|0x000000008c300000, 0x000000008c400000, 0x000000008c400000|100%| O|  |TAMS 0x000000008c300000| PB 0x000000008c300000| Untracked 
|  34|0x000000008c400000, 0x000000008c500000, 0x000000008c500000|100%| O|  |TAMS 0x000000008c400000| PB 0x000000008c400000| Untracked 
|  35|0x000000008c500000, 0x000000008c600000, 0x000000008c600000|100%| O|  |TAMS 0x000000008c500000| PB 0x000000008c500000| Untracked 
|  36|0x000000008c600000, 0x000000008c700000, 0x000000008c700000|100%| O|  |TAMS 0x000000008c600000| PB 0x000000008c600000| Untracked 
|  37|0x000000008c700000, 0x000000008c800000, 0x000000008c800000|100%| O|  |TAMS 0x000000008c700000| PB 0x000000008c700000| Untracked 
|  38|0x000000008c800000, 0x000000008c900000, 0x000000008c900000|100%| O|  |TAMS 0x000000008c800000| PB 0x000000008c800000| Untracked 
|  39|0x000000008c900000, 0x000000008ca00000, 0x000000008ca00000|100%| O|  |TAMS 0x000000008c900000| PB 0x000000008c900000| Untracked 
|  40|0x000000008ca00000, 0x000000008cb00000, 0x000000008cb00000|100%| O|  |TAMS 0x000000008ca00000| PB 0x000000008ca00000| Untracked 
|  41|0x000000008cb00000, 0x000000008cc00000, 0x000000008cc00000|100%| O|  |TAMS 0x000000008cb00000| PB 0x000000008cb00000| Untracked 
|  42|0x000000008cc00000, 0x000000008cc00000, 0x000000008cd00000|  0%| F|  |TAMS 0x000000008cc00000| PB 0x000000008cc00000| Untracked 
|  43|0x000000008cd00000, 0x000000008cd40440, 0x000000008ce00000| 25%| O|  |TAMS 0x000000008cd00000| PB 0x000000008cd00000| Untracked 
|  44|0x000000008ce00000, 0x000000008ce00000, 0x000000008cf00000|  0%| F|  |TAMS 0x000000008ce00000| PB 0x000000008ce00000| Untracked 
|  45|0x000000008cf00000, 0x000000008cf00000, 0x000000008d000000|  0%| F|  |TAMS 0x000000008cf00000| PB 0x000000008cf00000| Untracked 
|  46|0x000000008d000000, 0x000000008d000000, 0x000000008d100000|  0%| F|  |TAMS 0x000000008d000000| PB 0x000000008d000000| Untracked 
|  47|0x000000008d100000, 0x000000008d100000, 0x000000008d200000|  0%| F|  |TAMS 0x000000008d100000| PB 0x000000008d100000| Untracked 
|  48|0x000000008d200000, 0x000000008d200000, 0x000000008d300000|  0%| F|  |TAMS 0x000000008d200000| PB 0x000000008d200000| Untracked 
|  49|0x000000008d300000, 0x000000008d300000, 0x000000008d400000|  0%| F|  |TAMS 0x000000008d300000| PB 0x000000008d300000| Untracked 
|  50|0x000000008d400000, 0x000000008d42e020, 0x000000008d500000| 17%| S|CS|TAMS 0x000000008d400000| PB 0x000000008d400000| Complete 
|  51|0x000000008d500000, 0x000000008d600000, 0x000000008d600000|100%| S|CS|TAMS 0x000000008d500000| PB 0x000000008d500000| Complete 
|  52|0x000000008d600000, 0x000000008d700000, 0x000000008d700000|100%| S|CS|TAMS 0x000000008d600000| PB 0x000000008d600000| Complete 
|  53|0x000000008d700000, 0x000000008d700000, 0x000000008d800000|  0%| F|  |TAMS 0x000000008d700000| PB 0x000000008d700000| Untracked 
|  54|0x000000008d800000, 0x000000008d800000, 0x000000008d900000|  0%| F|  |TAMS 0x000000008d800000| PB 0x000000008d800000| Untracked 
|  55|0x000000008d900000, 0x000000008d900000, 0x000000008da00000|  0%| F|  |TAMS 0x000000008d900000| PB 0x000000008d900000| Untracked 
|  56|0x000000008da00000, 0x000000008da00000, 0x000000008db00000|  0%| F|  |TAMS 0x000000008da00000| PB 0x000000008da00000| Untracked 
|  57|0x000000008db00000, 0x000000008db00000, 0x000000008dc00000|  0%| F|  |TAMS 0x000000008db00000| PB 0x000000008db00000| Untracked 
|  58|0x000000008dc00000, 0x000000008dc00000, 0x000000008dd00000|  0%| F|  |TAMS 0x000000008dc00000| PB 0x000000008dc00000| Untracked 
|  59|0x000000008dd00000, 0x000000008dd00000, 0x000000008de00000|  0%| F|  |TAMS 0x000000008dd00000| PB 0x000000008dd00000| Untracked 
|  60|0x000000008de00000, 0x000000008de00000, 0x000000008df00000|  0%| F|  |TAMS 0x000000008de00000| PB 0x000000008de00000| Untracked 
|  61|0x000000008df00000, 0x000000008df00000, 0x000000008e000000|  0%| F|  |TAMS 0x000000008df00000| PB 0x000000008df00000| Untracked 
|  62|0x000000008e000000, 0x000000008e000000, 0x000000008e100000|  0%| F|  |TAMS 0x000000008e000000| PB 0x000000008e000000| Untracked 
|  63|0x000000008e100000, 0x000000008e100000, 0x000000008e200000|  0%| F|  |TAMS 0x000000008e100000| PB 0x000000008e100000| Untracked 
|  64|0x000000008e200000, 0x000000008e200000, 0x000000008e300000|  0%| F|  |TAMS 0x000000008e200000| PB 0x000000008e200000| Untracked 
|  65|0x000000008e300000, 0x000000008e300000, 0x000000008e400000|  0%| F|  |TAMS 0x000000008e300000| PB 0x000000008e300000| Untracked 
|  66|0x000000008e400000, 0x000000008e4237b0, 0x000000008e500000| 13%| E|  |TAMS 0x000000008e400000| PB 0x000000008e400000| Complete 
|  67|0x000000008e500000, 0x000000008e600000, 0x000000008e600000|100%| E|CS|TAMS 0x000000008e500000| PB 0x000000008e500000| Complete 
|  68|0x000000008e600000, 0x000000008e700000, 0x000000008e700000|100%| E|CS|TAMS 0x000000008e600000| PB 0x000000008e600000| Complete 
|  69|0x000000008e700000, 0x000000008e800000, 0x000000008e800000|100%| E|CS|TAMS 0x000000008e700000| PB 0x000000008e700000| Complete 
|  70|0x000000008e800000, 0x000000008e900000, 0x000000008e900000|100%| E|CS|TAMS 0x000000008e800000| PB 0x000000008e800000| Complete 
|  71|0x000000008e900000, 0x000000008ea00000, 0x000000008ea00000|100%| E|CS|TAMS 0x000000008e900000| PB 0x000000008e900000| Complete 
|  88|0x000000008fa00000, 0x000000008fb00000, 0x000000008fb00000|100%| E|CS|TAMS 0x000000008fa00000| PB 0x000000008fa00000| Complete 
|  89|0x000000008fb00000, 0x000000008fc00000, 0x000000008fc00000|100%| E|CS|TAMS 0x000000008fb00000| PB 0x000000008fb00000| Complete 
|  90|0x000000008fc00000, 0x000000008fd00000, 0x000000008fd00000|100%| E|  |TAMS 0x000000008fc00000| PB 0x000000008fc00000| Complete 
|  91|0x000000008fd00000, 0x000000008fe00000, 0x000000008fe00000|100%| E|CS|TAMS 0x000000008fd00000| PB 0x000000008fd00000| Complete 
|  92|0x000000008fe00000, 0x000000008ff00000, 0x000000008ff00000|100%| E|CS|TAMS 0x000000008fe00000| PB 0x000000008fe00000| Complete 
| 117|0x0000000091700000, 0x0000000091800000, 0x0000000091800000|100%| E|CS|TAMS 0x0000000091700000| PB 0x0000000091700000| Complete 

Card table byte_map: [0x0000017cb1ee0000,0x0000017cb2290000] _byte_map_base: 0x0000017cb1a8f000

Marking Bits: (CMBitMap*) 0x0000017c9f10bc70
 Bits: [0x0000017cb2290000, 0x0000017cb4008000)

Polling page: 0x0000017c9cc50000

Metaspace:

Usage:
  Non-class:     53.78 MB used.
      Class:      8.35 MB used.
       Both:     62.13 MB used.

Virtual space:
  Non-class space:       64.00 MB reserved,      54.19 MB ( 85%) committed,  1 nodes.
      Class space:        1.00 GB reserved,       8.69 MB ( <1%) committed,  1 nodes.
             Both:        1.06 GB reserved,      62.88 MB (  6%) committed. 

Chunk freelists:
   Non-Class:  8.88 MB
       Class:  7.16 MB
        Both:  16.03 MB

MaxMetaspaceSize: unlimited
CompressedClassSpaceSize: 1.00 GB
Initial GC threshold: 21.00 MB
Current GC threshold: 92.00 MB
CDS: on
 - commit_granule_bytes: 65536.
 - commit_granule_words: 8192.
 - virtual_space_node_default_size: 8388608.
 - enlarge_chunks_in_place: 1.
 - use_allocation_guard: 0.


Internal statistics:

num_allocs_failed_limit: 6.
num_arena_births: 1204.
num_arena_deaths: 0.
num_vsnodes_births: 2.
num_vsnodes_deaths: 0.
num_space_committed: 1005.
num_space_uncommitted: 0.
num_chunks_returned_to_freelist: 6.
num_chunks_taken_from_freelist: 3568.
num_chunk_merges: 6.
num_chunk_splits: 2402.
num_chunks_enlarged: 1729.
num_inconsistent_stats: 0.

CodeHeap 'non-profiled nmethods': size=119168Kb used=4800Kb max_used=4957Kb free=114367Kb
 bounds [0x0000017ca9e40000, 0x0000017caa320000, 0x0000017cb12a0000]
CodeHeap 'profiled nmethods': size=119104Kb used=15556Kb max_used=15556Kb free=103547Kb
 bounds [0x0000017ca22a0000, 0x0000017ca31e0000, 0x0000017ca96f0000]
CodeHeap 'non-nmethods': size=7488Kb used=2671Kb max_used=3238Kb free=4816Kb
 bounds [0x0000017ca96f0000, 0x0000017ca9ab0000, 0x0000017ca9e40000]
CodeCache: size=245760Kb, used=23027Kb, max_used=23751Kb, free=222730Kb
 total_blobs=8223, nmethods=7522, adapters=603, full_count=0
Compilation: enabled, stopped_count=0, restarted_count=0

Compilation events (20 events):
Event: 311.441 Thread 0x0000017cb6538090 nmethod 8235 0x0000017ca3189610 code [0x0000017ca31897a0, 0x0000017ca31898c0]
Event: 311.499 Thread 0x0000017cb6538090 8236       3       sun.net.www.ParseUtil::encodePath (41 bytes)
Event: 311.500 Thread 0x0000017cb6538090 nmethod 8236 0x0000017ca3189990 code [0x0000017ca3189b60, 0x0000017ca3189dc0]
Event: 311.523 Thread 0x0000017cb6538090 8237       3       org.springframework.util.MimeType::isWildcardType (10 bytes)
Event: 311.523 Thread 0x0000017cb6538090 nmethod 8237 0x0000017ca3189e90 code [0x0000017ca318a040, 0x0000017ca318a220]
Event: 311.527 Thread 0x0000017cb6538090 8238       3       org.springframework.util.CollectionUtils::isEmpty (19 bytes)
Event: 311.527 Thread 0x0000017cb6538090 nmethod 8238 0x0000017ca318a310 code [0x0000017ca318a4c0, 0x0000017ca318a6f8]
Event: 311.527 Thread 0x0000017cb6538090 8239       3       java.lang.invoke.LambdaFormEditor$TransformKey::packedBytes (92 bytes)
Event: 311.528 Thread 0x0000017cb6538090 nmethod 8239 0x0000017ca318a810 code [0x0000017ca318aa00, 0x0000017ca318ad88]
Event: 311.528 Thread 0x0000017cb6538090 8240       3       java.lang.invoke.DirectMethodHandle$Holder::invokeStatic (26 bytes)
Event: 311.528 Thread 0x0000017cb6538090 nmethod 8240 0x0000017ca318af10 code [0x0000017ca318b0e0, 0x0000017ca318b658]
Event: 311.528 Thread 0x0000017cb6538090 8241       3       java.lang.invoke.BoundMethodHandle$Species_LLLLL::make (18 bytes)
Event: 311.528 Thread 0x0000017cb6538090 nmethod 8241 0x0000017ca318b790 code [0x0000017ca318b940, 0x0000017ca318bb10]
Event: 311.528 Thread 0x0000017cb6538090 8242       3       java.lang.invoke.BoundMethodHandle$Species_LLLLL::<init> (36 bytes)
Event: 311.528 Thread 0x0000017cb6538090 nmethod 8242 0x0000017ca318bc10 code [0x0000017ca318bde0, 0x0000017ca318c198]
Event: 311.596 Thread 0x0000017cb65375f0 8243       4       sun.net.util.URLUtil::urlNoFragString (143 bytes)
Event: 312.643 Thread 0x0000017cb65375f0 nmethod 8243 0x0000017caa07ea90 code [0x0000017caa07ed60, 0x0000017caa0801f0]
Event: 312.643 Thread 0x0000017cb65375f0 8244       4       java.lang.String::indexOf (64 bytes)
Event: 312.644 Thread 0x0000017cb65375f0 nmethod 8244 0x0000017caa07e490 code [0x0000017caa07e620, 0x0000017caa07e9c0]
Event: 312.749 Thread 0x0000017cb65375f0 8245       4       sun.net.www.protocol.jar.Handler::parseURL (173 bytes)

GC Heap History (20 events):
Event: 7.703 GC heap before
{Heap before GC invocations=3 (full 0):
 garbage-first heap   total 120832K, used 43780K [0x000000008a200000, 0x0000000100000000)
  region size 1024K, 28 young (28672K), 3 survivors (3072K)
 Metaspace       used 21171K, committed 21504K, reserved 1114112K
  class space    used 2626K, committed 2816K, reserved 1048576K
}
Event: 7.781 GC heap after
{Heap after GC invocations=4 (full 0):
 garbage-first heap   total 120832K, used 22276K [0x000000008a200000, 0x0000000100000000)
  region size 1024K, 5 young (5120K), 5 survivors (5120K)
 Metaspace       used 21171K, committed 21504K, reserved 1114112K
  class space    used 2626K, committed 2816K, reserved 1048576K
}
Event: 12.661 GC heap before
{Heap before GC invocations=5 (full 0):
 garbage-first heap   total 65536K, used 52996K [0x000000008a200000, 0x0000000100000000)
  region size 1024K, 38 young (38912K), 5 survivors (5120K)
 Metaspace       used 24222K, committed 24640K, reserved 1114112K
  class space    used 3006K, committed 3200K, reserved 1048576K
}
Event: 12.674 GC heap after
{Heap after GC invocations=6 (full 0):
 garbage-first heap   total 65536K, used 22064K [0x000000008a200000, 0x0000000100000000)
  region size 1024K, 5 young (5120K), 5 survivors (5120K)
 Metaspace       used 24222K, committed 24640K, reserved 1114112K
  class space    used 3006K, committed 3200K, reserved 1048576K
}
Event: 14.745 GC heap before
{Heap before GC invocations=6 (full 0):
 garbage-first heap   total 65536K, used 49712K [0x000000008a200000, 0x0000000100000000)
  region size 1024K, 32 young (32768K), 5 survivors (5120K)
 Metaspace       used 27960K, committed 28416K, reserved 1114112K
  class space    used 3593K, committed 3776K, reserved 1048576K
}
Event: 14.766 GC heap after
{Heap after GC invocations=7 (full 0):
 garbage-first heap   total 65536K, used 23562K [0x000000008a200000, 0x0000000100000000)
  region size 1024K, 3 young (3072K), 3 survivors (3072K)
 Metaspace       used 27960K, committed 28416K, reserved 1114112K
  class space    used 3593K, committed 3776K, reserved 1048576K
}
Event: 18.734 GC heap before
{Heap before GC invocations=7 (full 0):
 garbage-first heap   total 65536K, used 52234K [0x000000008a200000, 0x0000000100000000)
  region size 1024K, 30 young (30720K), 3 survivors (3072K)
 Metaspace       used 33064K, committed 33536K, reserved 1114112K
  class space    used 4202K, committed 4416K, reserved 1048576K
}
Event: 18.748 GC heap after
{Heap after GC invocations=8 (full 0):
 garbage-first heap   total 65536K, used 27066K [0x000000008a200000, 0x0000000100000000)
  region size 1024K, 3 young (3072K), 3 survivors (3072K)
 Metaspace       used 33064K, committed 33536K, reserved 1114112K
  class space    used 4202K, committed 4416K, reserved 1048576K
}
Event: 19.894 GC heap before
{Heap before GC invocations=8 (full 0):
 garbage-first heap   total 65536K, used 49594K [0x000000008a200000, 0x0000000100000000)
  region size 1024K, 26 young (26624K), 3 survivors (3072K)
 Metaspace       used 35426K, committed 35968K, reserved 1114112K
  class space    used 4535K, committed 4800K, reserved 1048576K
}
Event: 19.903 GC heap after
{Heap after GC invocations=9 (full 0):
 garbage-first heap   total 65536K, used 27656K [0x000000008a200000, 0x0000000100000000)
  region size 1024K, 2 young (2048K), 2 survivors (2048K)
 Metaspace       used 35426K, committed 35968K, reserved 1114112K
  class space    used 4535K, committed 4800K, reserved 1048576K
}
Event: 21.939 GC heap before
{Heap before GC invocations=10 (full 0):
 garbage-first heap   total 65536K, used 53256K [0x000000008a200000, 0x0000000100000000)
  region size 1024K, 28 young (28672K), 2 survivors (2048K)
 Metaspace       used 40627K, committed 41280K, reserved 1114112K
  class space    used 5327K, committed 5632K, reserved 1048576K
}
Event: 21.949 GC heap after
{Heap after GC invocations=11 (full 0):
 garbage-first heap   total 79872K, used 29768K [0x000000008a200000, 0x0000000100000000)
  region size 1024K, 4 young (4096K), 4 survivors (4096K)
 Metaspace       used 40627K, committed 41280K, reserved 1114112K
  class space    used 5327K, committed 5632K, reserved 1048576K
}
Event: 23.814 GC heap before
{Heap before GC invocations=11 (full 0):
 garbage-first heap   total 79872K, used 67656K [0x000000008a200000, 0x0000000100000000)
  region size 1024K, 41 young (41984K), 4 survivors (4096K)
 Metaspace       used 44856K, committed 45504K, reserved 1114112K
  class space    used 5904K, committed 6208K, reserved 1048576K
}
Event: 23.821 GC heap after
{Heap after GC invocations=12 (full 0):
 garbage-first heap   total 79872K, used 35571K [0x000000008a200000, 0x0000000100000000)
  region size 1024K, 6 young (6144K), 6 survivors (6144K)
 Metaspace       used 44856K, committed 45504K, reserved 1114112K
  class space    used 5904K, committed 6208K, reserved 1048576K
}
Event: 28.015 GC heap before
{Heap before GC invocations=12 (full 0):
 garbage-first heap   total 79872K, used 67315K [0x000000008a200000, 0x0000000100000000)
  region size 1024K, 37 young (37888K), 6 survivors (6144K)
 Metaspace       used 51791K, committed 52544K, reserved 1114112K
  class space    used 6972K, committed 7296K, reserved 1048576K
}
Event: 28.025 GC heap after
{Heap after GC invocations=13 (full 0):
 garbage-first heap   total 79872K, used 39626K [0x000000008a200000, 0x0000000100000000)
  region size 1024K, 4 young (4096K), 4 survivors (4096K)
 Metaspace       used 51791K, committed 52544K, reserved 1114112K
  class space    used 6972K, committed 7296K, reserved 1048576K
}
Event: 118.991 GC heap before
{Heap before GC invocations=13 (full 0):
 garbage-first heap   total 79872K, used 67274K [0x000000008a200000, 0x0000000100000000)
  region size 1024K, 32 young (32768K), 4 survivors (4096K)
 Metaspace       used 55615K, committed 56384K, reserved 1114112K
  class space    used 7462K, committed 7808K, reserved 1048576K
}
Event: 119.342 GC heap after
{Heap after GC invocations=14 (full 0):
 garbage-first heap   total 79872K, used 43001K [0x000000008a200000, 0x0000000100000000)
  region size 1024K, 4 young (4096K), 4 survivors (4096K)
 Metaspace       used 55615K, committed 56384K, reserved 1114112K
  class space    used 7462K, committed 7808K, reserved 1048576K
}
Event: 206.025 GC heap before
{Heap before GC invocations=15 (full 0):
 garbage-first heap   total 79872K, used 68601K [0x000000008a200000, 0x0000000100000000)
  region size 1024K, 29 young (29696K), 4 survivors (4096K)
 Metaspace       used 61285K, committed 62080K, reserved 1114112K
  class space    used 8225K, committed 8576K, reserved 1048576K
}
Event: 206.044 GC heap after
{Heap after GC invocations=16 (full 0):
 garbage-first heap   total 79872K, used 45497K [0x000000008a200000, 0x0000000100000000)
  region size 1024K, 3 young (3072K), 3 survivors (3072K)
 Metaspace       used 61285K, committed 62080K, reserved 1114112K
  class space    used 8225K, committed 8576K, reserved 1048576K
}

Dll operation events (11 events):
Event: 0.015 Loaded shared library C:\Users\jeann\.vscode\extensions\redhat.java-1.54.0-win32-x64\jre\21.0.10-win32-x86_64\bin\java.dll
Event: 0.075 Loaded shared library C:\Users\jeann\.vscode\extensions\redhat.java-1.54.0-win32-x64\jre\21.0.10-win32-x86_64\bin\zip.dll
Event: 0.338 Loaded shared library C:\Users\jeann\.vscode\extensions\redhat.java-1.54.0-win32-x64\jre\21.0.10-win32-x86_64\bin\net.dll
Event: 0.342 Loaded shared library C:\Users\jeann\.vscode\extensions\redhat.java-1.54.0-win32-x64\jre\21.0.10-win32-x86_64\bin\nio.dll
Event: 0.349 Loaded shared library C:\Users\jeann\.vscode\extensions\redhat.java-1.54.0-win32-x64\jre\21.0.10-win32-x86_64\bin\zip.dll
Event: 0.832 Loaded shared library C:\Users\jeann\.vscode\extensions\redhat.java-1.54.0-win32-x64\jre\21.0.10-win32-x86_64\bin\jimage.dll
Event: 7.304 Loaded shared library C:\Users\jeann\.vscode\extensions\redhat.java-1.54.0-win32-x64\jre\21.0.10-win32-x86_64\bin\sunmscapi.dll
Event: 17.418 Loaded shared library C:\Users\jeann\.vscode\extensions\redhat.java-1.54.0-win32-x64\jre\21.0.10-win32-x86_64\bin\management.dll
Event: 17.429 Loaded shared library C:\Users\jeann\.vscode\extensions\redhat.java-1.54.0-win32-x64\jre\21.0.10-win32-x86_64\bin\management_ext.dll
Event: 18.144 Loaded shared library C:\Users\jeann\.vscode\extensions\redhat.java-1.54.0-win32-x64\jre\21.0.10-win32-x86_64\bin\verify.dll
Event: 31.657 Loaded shared library C:\Users\jeann\.vscode\extensions\redhat.java-1.54.0-win32-x64\jre\21.0.10-win32-x86_64\bin\extnet.dll

Deoptimization events (20 events):
Event: 126.266 Thread 0x0000017c80488380 DEOPT PACKING pc=0x0000017ca9ed66dc sp=0x00000039b04fe370
Event: 126.266 Thread 0x0000017c80488380 DEOPT UNPACKING pc=0x0000017ca9744422 sp=0x00000039b04fe300 mode 2
Event: 151.774 Thread 0x0000017cfff1ce50 Uncommon trap: trap_request=0xffffff3d fr.pc=0x0000017ca9f1ed08 relative=0x0000000000000068
Event: 151.774 Thread 0x0000017cfff1ce50 Uncommon trap: reason=unstable_fused_if action=reinterpret pc=0x0000017ca9f1ed08 method=java.lang.CharacterDataLatin1.equalsIgnoreCase(BB)Z @ 16 c2
Event: 151.774 Thread 0x0000017cfff1ce50 DEOPT PACKING pc=0x0000017ca9f1ed08 sp=0x00000039b25fca50
Event: 151.774 Thread 0x0000017cfff1ce50 DEOPT UNPACKING pc=0x0000017ca9744422 sp=0x00000039b25fc9d0 mode 2
Event: 152.298 Thread 0x0000017cfff1e200 Uncommon trap: trap_request=0xffffffbe fr.pc=0x0000017caa2b38a8 relative=0x0000000000005608
Event: 152.298 Thread 0x0000017cfff1e200 Uncommon trap: reason=profile_predicate action=maybe_recompile pc=0x0000017caa2b38a8 method=org.springframework.boot.context.properties.source.ConfigurationPropertyName$Elements.canShortcutWithSource(Lorg/springframework/boot/context/properties/source/Con
Event: 152.298 Thread 0x0000017cfff1e200 DEOPT PACKING pc=0x0000017caa2b38a8 sp=0x00000039b26fc4c0
Event: 152.298 Thread 0x0000017cfff1e200 DEOPT UNPACKING pc=0x0000017ca9744422 sp=0x00000039b26fc238 mode 2
Event: 181.827 Thread 0x0000017c80487cf0 Uncommon trap: trap_request=0xffffff45 fr.pc=0x0000017caa3138c8 relative=0x00000000000000a8
Event: 181.827 Thread 0x0000017c80487cf0 Uncommon trap: reason=unstable_if action=reinterpret pc=0x0000017caa3138c8 method=com.netflix.eureka.util.batcher.AcceptorExecutor$AcceptorRunner.drainAcceptorQueue()V @ 12 c2
Event: 181.827 Thread 0x0000017c80487cf0 DEOPT PACKING pc=0x0000017caa3138c8 sp=0x00000039b02ff670
Event: 181.827 Thread 0x0000017c80487cf0 DEOPT UNPACKING pc=0x0000017ca9744422 sp=0x00000039b02ff608 mode 2
Event: 185.217 Thread 0x0000017cfff1e200 Uncommon trap: trap_request=0xffffff54 fr.pc=0x0000017ca9f42944 relative=0x0000000000005b84
Event: 185.218 Thread 0x0000017cfff1e200 Uncommon trap: reason=speculate_null_assert action=make_not_entrant pc=0x0000017ca9f42944 method=jdk.internal.util.ReferencedKeyMap.existingKey(Ljdk/internal/util/ReferencedKeyMap;Ljava/lang/Object;)Ljava/lang/Object; @ 18 c2
Event: 185.218 Thread 0x0000017cfff1e200 DEOPT PACKING pc=0x0000017ca9f42944 sp=0x00000039b26fdf30
Event: 185.218 Thread 0x0000017cfff1e200 DEOPT UNPACKING pc=0x0000017ca9744422 sp=0x00000039b26fdd90 mode 2
Event: 196.405 Thread 0x0000017cfff1c7c0 DEOPT PACKING pc=0x0000017ca29e2eef sp=0x00000039b24fcb20
Event: 196.406 Thread 0x0000017cfff1c7c0 DEOPT UNPACKING pc=0x0000017ca9744bc2 sp=0x00000039b24fbfb8 mode 0

Classes loaded (20 events):
Event: 126.072 Loading class sun/net/spi/DefaultProxySelector$1
Event: 126.072 Loading class sun/net/spi/DefaultProxySelector$1 done
Event: 126.075 Loading class sun/net/spi/DefaultProxySelector$NonProxyInfo
Event: 126.075 Loading class sun/net/spi/DefaultProxySelector$NonProxyInfo done
Event: 126.076 Loading class sun/net/spi/DefaultProxySelector$3
Event: 126.076 Loading class sun/net/spi/DefaultProxySelector$3 done
Event: 126.080 Loading class java/net/Socket$SocketInputStream
Event: 126.081 Loading class java/net/Socket$SocketInputStream done
Event: 126.081 Loading class sun/nio/ch/NioSocketImpl$1
Event: 126.081 Loading class sun/nio/ch/NioSocketImpl$1 done
Event: 126.081 Loading class java/net/Socket$SocketOutputStream
Event: 126.081 Loading class java/net/Socket$SocketOutputStream done
Event: 126.081 Loading class sun/nio/ch/NioSocketImpl$2
Event: 126.081 Loading class sun/nio/ch/NioSocketImpl$2 done
Event: 225.899 Loading class java/util/concurrent/locks/ReentrantReadWriteLock$Sync$HoldCounter
Event: 225.899 Loading class java/util/concurrent/locks/ReentrantReadWriteLock$Sync$HoldCounter done
Event: 311.568 Loading class java/io/FilterReader
Event: 311.568 Loading class java/io/FilterReader done
Event: 311.578 Loading class javax/swing/tree/TreeNode
Event: 311.579 Loading class javax/swing/tree/TreeNode done

Classes unloaded (0 events):
No events

Classes redefined (0 events):
No events

Internal exceptions (20 events):
Event: 27.177 Thread 0x0000017c9cc9bae0 Exception <a 'java/lang/NoSuchMethodError'{0x000000008d5d73d0}: 'double java.lang.invoke.DirectMethodHandle$Holder.invokeVirtual(java.lang.Object, java.lang.Object)'> (0x000000008d5d73d0) 
thrown [s\src\hotspot\share\interpreter\linkResolver.cpp, line 773]
Event: 27.789 Thread 0x0000017c9cc9bae0 Exception <a 'sun/nio/fs/WindowsException'{0x000000008d17ab60}> (0x000000008d17ab60) 
thrown [s\src\hotspot\share\prims\jni.cpp, line 520]
Event: 28.045 Thread 0x0000017cfc1a8dc0 Exception <a 'java/lang/NoSuchMethodError'{0x000000009179d340}: 'long java.lang.invoke.DirectMethodHandle$Holder.invokeStatic(java.lang.Object, java.lang.Object, java.lang.Object)'> (0x000000009179d340) 
thrown [s\src\hotspot\share\interpreter\linkResolver.cpp, line 773]
Event: 31.063 Thread 0x0000017c9cc9bae0 Exception <a 'java/lang/NoSuchMethodError'{0x000000008e458cf8}: 'java.lang.Object java.lang.invoke.DirectMethodHandle$Holder.newInvokeSpecial(java.lang.Object, java.lang.Object, java.lang.Object, long, long)'> (0x000000008e458cf8) 
thrown [s\src\hotspot\share\interpreter\linkResolver.cpp, line 773]
Event: 31.064 Thread 0x0000017c9cc9bae0 Exception <a 'java/lang/NoSuchMethodError'{0x000000008e45d188}: 'java.lang.Object java.lang.invoke.DirectMethodHandle$Holder.invokeSpecial(java.lang.Object, java.lang.Object, java.lang.Object, java.lang.Object, long, long)'> (0x000000008e45d188) 
thrown [s\src\hotspot\share\interpreter\linkResolver.cpp, line 773]
Event: 31.088 Thread 0x0000017c9cc9bae0 Exception <a 'java/lang/NoSuchMethodError'{0x000000008e4ee480}: 'java.lang.Object java.lang.invoke.DirectMethodHandle$Holder.invokeStatic(java.lang.Object, java.lang.Object, java.lang.Object, java.lang.Object, java.lang.Object, java.lang.Object, int)'> (0x000000008e4ee480) 
thrown [s\src\hotspot\share\interpreter\linkResolver.cpp, line 773]
Event: 31.453 Thread 0x0000017c9cc9bae0 Exception <a 'java/lang/NoSuchMethodError'{0x000000008df84048}: 'void java.lang.invoke.DirectMethodHandle$Holder.invokeStatic(java.lang.Object, java.lang.Object, double)'> (0x000000008df84048) 
thrown [s\src\hotspot\share\interpreter\linkResolver.cpp, line 773]
Event: 31.508 Thread 0x0000017c9cc9bae0 Exception <a 'java/lang/NoSuchMethodError'{0x000000008dfdb458}: 'double java.lang.invoke.DirectMethodHandle$Holder.invokeStatic(java.lang.Object, java.lang.Object, java.lang.Object)'> (0x000000008dfdb458) 
thrown [s\src\hotspot\share\interpreter\linkResolver.cpp, line 773]
Event: 31.576 Thread 0x0000017c9cc9bae0 Exception <a 'java/lang/NoSuchMethodError'{0x000000008dedd140}: 'java.lang.Object java.lang.invoke.DirectMethodHandle$Holder.newInvokeSpecial(java.lang.Object, java.lang.Object, int, java.lang.Object, java.lang.Object)'> (0x000000008dedd140) 
thrown [s\src\hotspot\share\interpreter\linkResolver.cpp, line 773]
Event: 31.644 Thread 0x0000017cfff199d0 Implicit null exception at 0x0000017caa2cf677 to 0x0000017caa2cf8e8
Event: 32.062 Thread 0x0000017c9cc9bae0 Exception <a 'java/lang/IncompatibleClassChangeError'{0x000000008db9b290}: Found class java.lang.Object, but interface was expected> (0x000000008db9b290) 
thrown [s\src\hotspot\share\interpreter\linkResolver.cpp, line 840]
Event: 118.281 Thread 0x0000017cfff1e890 Exception <a 'java/lang/NoSuchMethodError'{0x000000008d4d44e0}: 'java.lang.Object java.lang.invoke.DirectMethodHandle$Holder.invokeStatic(java.lang.Object, java.lang.Object, java.lang.Object, int, int)'> (0x000000008d4d44e0) 
thrown [s\src\hotspot\share\interpreter\linkResolver.cpp, line 773]
Event: 118.364 Thread 0x0000017cfff1e890 Exception <a 'java/lang/NoSuchMethodError'{0x000000008d4d7c90}: 'java.lang.Object java.lang.invoke.DirectMethodHandle$Holder.invokeStaticInit(java.lang.Object, java.lang.Object, java.lang.Object, int, int)'> (0x000000008d4d7c90) 
thrown [s\src\hotspot\share\interpreter\linkResolver.cpp, line 773]
Event: 120.561 Thread 0x0000017cfff1a6f0 Exception <a 'java/lang/NoSuchMethodError'{0x000000008fc41428}: 'java.lang.Object java.lang.invoke.DirectMethodHandle$Holder.invokeSpecial(java.lang.Object, java.lang.Object, java.lang.Object, java.lang.Object, java.lang.Object, long)'> (0x000000008fc41428) 
thrown [s\src\hotspot\share\interpreter\linkResolver.cpp, line 773]
Event: 120.565 Thread 0x0000017cfff1a6f0 Exception <a 'java/lang/NoSuchMethodError'{0x000000008fc44bf8}: 'java.lang.Object java.lang.invoke.Invokers$Holder.linkToTargetMethod(java.lang.Object, java.lang.Object, java.lang.Object, long, java.lang.Object)'> (0x000000008fc44bf8) 
thrown [s\src\hotspot\share\interpreter\linkResolver.cpp, line 773]
Event: 121.342 Thread 0x0000017cfff1a6f0 Implicit null exception at 0x0000017caa0aa0fc to 0x0000017caa0aa1b4
Event: 121.362 Thread 0x0000017cfff1a6f0 Exception <a 'java/lang/NoSuchMethodError'{0x000000008e9c1b40}: 'java.lang.Object java.lang.invoke.DirectMethodHandle$Holder.invokeVirtual(java.lang.Object, java.lang.Object, java.lang.Object, java.lang.Object, java.lang.Object, java.lang.Object, java.lang.Object, java.lang.Object)'> (0x000000008e9c1b40) 
thrown [s\src\hotspot\share\interpreter\linkResolver.cpp, line 773]
Event: 122.545 Thread 0x0000017cfff18620 Exception <a 'java/lang/NoSuchMethodError'{0x000000008e69bcf0}: 'java.lang.Object java.lang.invoke.DirectMethodHandle$Holder.invokeInterface(java.lang.Object, java.lang.Object, java.lang.Object, java.lang.Object)'> (0x000000008e69bcf0) 
thrown [s\src\hotspot\share\interpreter\linkResolver.cpp, line 773]
Event: 125.657 Thread 0x0000017cfff19340 Exception <a 'java/lang/NoSuchMethodError'{0x000000008df991e0}: 'long java.lang.invoke.DelegatingMethodHandle$Holder.reinvoke_L(java.lang.Object, java.lang.Object)'> (0x000000008df991e0) 
thrown [s\src\hotspot\share\interpreter\linkResolver.cpp, line 773]
Event: 126.295 Thread 0x0000017c80488380 Exception <a 'java/lang/NoSuchMethodError'{0x000000008da23828}: 'java.lang.Object java.lang.invoke.DelegatingMethodHandle$Holder.reinvoke_L(java.lang.Object, int, java.lang.Object)'> (0x000000008da23828) 
thrown [s\src\hotspot\share\interpreter\linkResolver.cpp, line 773]

ZGC Phase Switch (0 events):
No events

VM Operations (20 events):
Event: 267.561 Executing safepoint VM operation: Cleanup
Event: 267.561 Executing safepoint VM operation: Cleanup done
Event: 272.564 Executing safepoint VM operation: Cleanup
Event: 272.564 Executing safepoint VM operation: Cleanup done
Event: 283.571 Executing safepoint VM operation: Cleanup
Event: 283.571 Executing safepoint VM operation: Cleanup done
Event: 286.573 Executing safepoint VM operation: Cleanup
Event: 286.573 Executing safepoint VM operation: Cleanup done
Event: 296.578 Executing safepoint VM operation: Cleanup
Event: 296.578 Executing safepoint VM operation: Cleanup done
Event: 297.579 Executing safepoint VM operation: Cleanup
Event: 297.579 Executing safepoint VM operation: Cleanup done
Event: 302.581 Executing safepoint VM operation: Cleanup
Event: 302.581 Executing safepoint VM operation: Cleanup done
Event: 311.488 Executing non-safepoint VM operation: HandshakeAllThreads (Deoptimize)
Event: 311.488 Executing non-safepoint VM operation: HandshakeAllThreads (Deoptimize) done
Event: 311.488 Executing safepoint VM operation: Cleanup
Event: 311.488 Executing safepoint VM operation: Cleanup done
Event: 312.489 Executing safepoint VM operation: Cleanup
Event: 312.609 Executing safepoint VM operation: Cleanup done

Memory protections (0 events):
No events

Nmethod flushes (20 events):
Event: 120.113 Thread 0x0000017cb65126e0 flushing  nmethod 0x0000017ca27f1410
Event: 120.113 Thread 0x0000017cb65126e0 flushing  nmethod 0x0000017ca28c6c90
Event: 120.116 Thread 0x0000017cb65126e0 flushing  nmethod 0x0000017ca28c7490
Event: 120.121 Thread 0x0000017cb65126e0 flushing  nmethod 0x0000017ca28cdf90
Event: 120.121 Thread 0x0000017cb65126e0 flushing  nmethod 0x0000017ca29e5790
Event: 120.121 Thread 0x0000017cb65126e0 flushing  nmethod 0x0000017ca2a0be10
Event: 120.122 Thread 0x0000017cb65126e0 flushing  nmethod 0x0000017ca2a0e690
Event: 120.124 Thread 0x0000017cb65126e0 flushing  nmethod 0x0000017ca2a0f590
Event: 120.124 Thread 0x0000017cb65126e0 flushing  nmethod 0x0000017ca2a0fe90
Event: 120.124 Thread 0x0000017cb65126e0 flushing  nmethod 0x0000017ca2a10290
Event: 120.124 Thread 0x0000017cb65126e0 flushing  nmethod 0x0000017ca2a10790
Event: 120.125 Thread 0x0000017cb65126e0 flushing  nmethod 0x0000017ca2a11190
Event: 120.125 Thread 0x0000017cb65126e0 flushing  nmethod 0x0000017ca2a11610
Event: 120.125 Thread 0x0000017cb65126e0 flushing  nmethod 0x0000017ca2a50210
Event: 120.125 Thread 0x0000017cb65126e0 flushing  nmethod 0x0000017ca2a54b10
Event: 120.125 Thread 0x0000017cb65126e0 flushing  nmethod 0x0000017ca2abcf10
Event: 120.125 Thread 0x0000017cb65126e0 flushing  nmethod 0x0000017ca2b42f90
Event: 120.125 Thread 0x0000017cb65126e0 flushing  nmethod 0x0000017ca2b53890
Event: 120.126 Thread 0x0000017cb65126e0 flushing  nmethod 0x0000017ca2c86010
Event: 120.126 Thread 0x0000017cb65126e0 flushing  nmethod 0x0000017ca2ccf210

Events (20 events):
Event: 125.582 Thread 0x0000017cb6538090 Thread added: 0x0000017cfe543990
Event: 131.768 Thread 0x0000017cfe543990 Thread exited: 0x0000017cfe543990
Event: 169.680 Thread 0x0000017cb6538090 Thread added: 0x0000017cfe5409e0
Event: 169.680 Thread 0x0000017cb6538090 Thread added: 0x0000017cfe542bf0
Event: 169.680 Thread 0x0000017cb6538090 Thread added: 0x0000017cfe542520
Event: 174.683 Thread 0x0000017cfe542520 Thread exited: 0x0000017cfe542520
Event: 179.684 Thread 0x0000017cfe542bf0 Thread exited: 0x0000017cfe542bf0
Event: 180.245 Thread 0x0000017cfe5409e0 Thread exited: 0x0000017cfe5409e0
Event: 225.899 Thread 0x0000017cb65375f0 Thread added: 0x0000017cfe542520
Event: 231.421 Thread 0x0000017cfe542520 Thread exited: 0x0000017cfe542520
Event: 236.133 Thread 0x0000017cb6538090 Thread added: 0x0000017cfe542520
Event: 236.636 Thread 0x0000017cfe542520 Thread exited: 0x0000017cfe542520
Event: 241.884 Thread 0x0000017cb6538090 Thread added: 0x0000017cfe5432c0
Event: 247.380 Thread 0x0000017cfe5432c0 Thread exited: 0x0000017cfe5432c0
Event: 256.435 Thread 0x0000017cb65375f0 Thread added: 0x0000017cfe541780
Event: 256.435 Thread 0x0000017cb65375f0 Thread added: 0x0000017cfe542bf0
Event: 261.438 Thread 0x0000017cfe542bf0 Thread exited: 0x0000017cfe542bf0
Event: 271.681 Thread 0x0000017cfe541780 Thread exited: 0x0000017cfe541780
Event: 285.953 Thread 0x0000017cb65375f0 Thread added: 0x0000017cfe543990
Event: 292.767 Thread 0x0000017cfe543990 Thread exited: 0x0000017cfe543990


Dynamic libraries:
0x00007ff72c690000 - 0x00007ff72c69e000 	C:\Users\jeann\.vscode\extensions\redhat.java-1.54.0-win32-x64\jre\21.0.10-win32-x86_64\bin\java.exe
0x00007ff8474e0000 - 0x00007ff847747000 	C:\WINDOWS\SYSTEM32\ntdll.dll
0x00007ff845790000 - 0x00007ff845859000 	C:\WINDOWS\System32\KERNEL32.DLL
0x00007ff844af0000 - 0x00007ff844ee4000 	C:\WINDOWS\System32\KERNELBASE.dll
0x00007ff843db0000 - 0x00007ff843efb000 	C:\WINDOWS\System32\ucrtbase.dll
0x00007ff8353e0000 - 0x00007ff8353f8000 	C:\Users\jeann\.vscode\extensions\redhat.java-1.54.0-win32-x64\jre\21.0.10-win32-x86_64\bin\jli.dll
0x00007ff8464b0000 - 0x00007ff846675000 	C:\WINDOWS\System32\USER32.dll
0x00007ff845110000 - 0x00007ff845137000 	C:\WINDOWS\System32\win32u.dll
0x00007ff845860000 - 0x00007ff84588b000 	C:\WINDOWS\System32\GDI32.dll
0x00007ff81fb70000 - 0x00007ff81fb8e000 	C:\Users\jeann\.vscode\extensions\redhat.java-1.54.0-win32-x64\jre\21.0.10-win32-x86_64\bin\VCRUNTIME140.dll
0x00007ff845140000 - 0x00007ff84526b000 	C:\WINDOWS\System32\gdi32full.dll
0x00007ff844ef0000 - 0x00007ff844f93000 	C:\WINDOWS\System32\msvcp_win.dll
0x00007ff82be60000 - 0x00007ff82c0f3000 	C:\WINDOWS\WinSxS\amd64_microsoft.windows.common-controls_6595b64144ccf1df_6.0.26100.8115_none_3e075c82e3354f9c\COMCTL32.dll
0x00007ff8461a0000 - 0x00007ff846249000 	C:\WINDOWS\System32\msvcrt.dll
0x00007ff846740000 - 0x00007ff846772000 	C:\WINDOWS\System32\IMM32.DLL
0x00007ff841720000 - 0x00007ff84172c000 	C:\Users\jeann\.vscode\extensions\redhat.java-1.54.0-win32-x64\jre\21.0.10-win32-x86_64\bin\vcruntime140_1.dll
0x00007fffce6a0000 - 0x00007fffce72d000 	C:\Users\jeann\.vscode\extensions\redhat.java-1.54.0-win32-x64\jre\21.0.10-win32-x86_64\bin\msvcp140.dll
0x00007fffcd8f0000 - 0x00007fffce691000 	C:\Users\jeann\.vscode\extensions\redhat.java-1.54.0-win32-x64\jre\21.0.10-win32-x86_64\bin\server\jvm.dll
0x00007ff846be0000 - 0x00007ff846c96000 	C:\WINDOWS\System32\ADVAPI32.dll
0x00007ff846ca0000 - 0x00007ff846d47000 	C:\WINDOWS\System32\sechost.dll
0x00007ff847210000 - 0x00007ff847328000 	C:\WINDOWS\System32\RPCRT4.dll
0x00007ff847340000 - 0x00007ff8473c0000 	C:\WINDOWS\System32\WS2_32.dll
0x00007ff843c30000 - 0x00007ff843c8e000 	C:\WINDOWS\SYSTEM32\POWRPROF.dll
0x00007ff83d110000 - 0x00007ff83d146000 	C:\WINDOWS\SYSTEM32\WINMM.dll
0x00007ff83dba0000 - 0x00007ff83dbab000 	C:\WINDOWS\SYSTEM32\VERSION.dll
0x00007ff843c10000 - 0x00007ff843c24000 	C:\WINDOWS\SYSTEM32\UMPDC.dll
0x00007ff842b10000 - 0x00007ff842b2b000 	C:\WINDOWS\SYSTEM32\kernel.appcore.dll
0x00007ff841670000 - 0x00007ff84167a000 	C:\Users\jeann\.vscode\extensions\redhat.java-1.54.0-win32-x64\jre\21.0.10-win32-x86_64\bin\jimage.dll
0x00007ff835590000 - 0x00007ff8357d2000 	C:\WINDOWS\SYSTEM32\DBGHELP.DLL
0x00007ff846e80000 - 0x00007ff847202000 	C:\WINDOWS\System32\combase.dll
0x00007ff8468a0000 - 0x00007ff846978000 	C:\WINDOWS\System32\OLEAUT32.dll
0x00007ff826880000 - 0x00007ff8268bb000 	C:\WINDOWS\SYSTEM32\dbgcore.DLL
0x00007ff843f90000 - 0x00007ff844035000 	C:\WINDOWS\System32\bcryptPrimitives.dll
0x00007ff81af00000 - 0x00007ff81af20000 	C:\Users\jeann\.vscode\extensions\redhat.java-1.54.0-win32-x64\jre\21.0.10-win32-x86_64\bin\java.dll
0x00007ff845a30000 - 0x00007ff846197000 	C:\WINDOWS\System32\SHELL32.dll
0x00007ff844fa0000 - 0x00007ff84510a000 	C:\WINDOWS\System32\wintypes.dll
0x00007ff844040000 - 0x00007ff8448a8000 	C:\WINDOWS\System32\windows.storage.dll
0x00007ff8467a0000 - 0x00007ff846898000 	C:\WINDOWS\System32\SHCORE.dll
0x00007ff846e10000 - 0x00007ff846e76000 	C:\WINDOWS\System32\shlwapi.dll
0x00007ff843cd0000 - 0x00007ff843cf9000 	C:\WINDOWS\SYSTEM32\profapi.dll
0x00007fffcd8d0000 - 0x00007fffcd8e8000 	C:\Users\jeann\.vscode\extensions\redhat.java-1.54.0-win32-x64\jre\21.0.10-win32-x86_64\bin\zip.dll
0x00007ff8354a0000 - 0x00007ff8354b0000 	C:\Users\jeann\.vscode\extensions\redhat.java-1.54.0-win32-x64\jre\21.0.10-win32-x86_64\bin\net.dll
0x00007ff83afd0000 - 0x00007ff83b0fd000 	C:\WINDOWS\SYSTEM32\WINHTTP.dll
0x00007ff843090000 - 0x00007ff8430fc000 	C:\WINDOWS\system32\mswsock.dll
0x00007ff835480000 - 0x00007ff835496000 	C:\Users\jeann\.vscode\extensions\redhat.java-1.54.0-win32-x64\jre\21.0.10-win32-x86_64\bin\nio.dll
0x00007ff8424d0000 - 0x00007ff842502000 	C:\WINDOWS\SYSTEM32\IPHLPAPI.DLL
0x00007ff846da0000 - 0x00007ff846daa000 	C:\WINDOWS\System32\NSI.dll
0x00007ff842510000 - 0x00007ff842642000 	C:\WINDOWS\SYSTEM32\DNSAPI.dll
0x00007ff82d3c0000 - 0x00007ff82d3cb000 	C:\Windows\System32\rasadhlp.dll
0x00007ff83acd0000 - 0x00007ff83ad56000 	C:\WINDOWS\System32\fwpuclnt.dll
0x00007ff841750000 - 0x00007ff84175e000 	C:\Users\jeann\.vscode\extensions\redhat.java-1.54.0-win32-x64\jre\21.0.10-win32-x86_64\bin\sunmscapi.dll
0x00007ff844970000 - 0x00007ff844ae7000 	C:\WINDOWS\System32\CRYPT32.dll
0x00007ff8435b0000 - 0x00007ff8435e0000 	C:\WINDOWS\SYSTEM32\ncrypt.dll
0x00007ff843560000 - 0x00007ff84359f000 	C:\WINDOWS\SYSTEM32\NTASN1.dll
0x00007ff843390000 - 0x00007ff8433ab000 	C:\WINDOWS\SYSTEM32\CRYPTSP.dll
0x00007ff842a70000 - 0x00007ff842aa9000 	C:\WINDOWS\system32\rsaenh.dll
0x00007ff843140000 - 0x00007ff843173000 	C:\WINDOWS\SYSTEM32\USERENV.dll
0x00007ff843ca0000 - 0x00007ff843cca000 	C:\WINDOWS\SYSTEM32\bcrypt.dll
0x00007ff8433b0000 - 0x00007ff8433bc000 	C:\WINDOWS\SYSTEM32\CRYPTBASE.dll
0x00007ff81f0f0000 - 0x00007ff81f0fa000 	C:\Users\jeann\.vscode\extensions\redhat.java-1.54.0-win32-x64\jre\21.0.10-win32-x86_64\bin\management.dll
0x00007fffef380000 - 0x00007fffef38c000 	C:\Users\jeann\.vscode\extensions\redhat.java-1.54.0-win32-x64\jre\21.0.10-win32-x86_64\bin\management_ext.dll
0x00007ff847330000 - 0x00007ff847338000 	C:\WINDOWS\System32\PSAPI.DLL
0x00007ff83e440000 - 0x00007ff83e450000 	C:\Users\jeann\.vscode\extensions\redhat.java-1.54.0-win32-x64\jre\21.0.10-win32-x86_64\bin\verify.dll
0x00007ff824b00000 - 0x00007ff824b18000 	C:\WINDOWS\system32\napinsp.dll
0x00007ff824ae0000 - 0x00007ff824af3000 	C:\WINDOWS\System32\winrnr.dll
0x00007ff8246c0000 - 0x00007ff8246e2000 	C:\WINDOWS\system32\nlansp_c.dll
0x00007ff824510000 - 0x00007ff824526000 	C:\WINDOWS\system32\wshbth.dll
0x00007ff841740000 - 0x00007ff841749000 	C:\Users\jeann\.vscode\extensions\redhat.java-1.54.0-win32-x64\jre\21.0.10-win32-x86_64\bin\extnet.dll
0x00007fffd7ef0000 - 0x00007fffd7ef8000 	C:\WINDOWS\system32\wshunix.dll

JVMTI agents: none

dbghelp: loaded successfully - version: 4.0.5 - missing functions: none
symbol engine: initialized successfully - sym options: 0x614 - pdb path: .;C:\Users\jeann\.vscode\extensions\redhat.java-1.54.0-win32-x64\jre\21.0.10-win32-x86_64\bin;C:\WINDOWS\SYSTEM32;C:\WINDOWS\WinSxS\amd64_microsoft.windows.common-controls_6595b64144ccf1df_6.0.26100.8115_none_3e075c82e3354f9c;C:\Users\jeann\.vscode\extensions\redhat.java-1.54.0-win32-x64\jre\21.0.10-win32-x86_64\bin\server

VM Arguments:
jvm_args: -XX:+ShowCodeDetailsInExceptionMessages 
java_command: com.clinic.eureka_server.EurekaServerApplication
java_class_path (initial): C:\Users\jeann\OneDrive\Documentos\Duoc UC\Tercer Semestre\Desarrollo Fullstack 1\proyecto-clinica\eureka-server\eureka-server\target\classes;C:\Users\jeann\.m2\repository\org\springframework\boot\spring-boot-starter-web\3.5.14\spring-boot-starter-web-3.5.14.jar;C:\Users\jeann\.m2\repository\org\springframework\boot\spring-boot-starter\3.5.14\spring-boot-starter-3.5.14.jar;C:\Users\jeann\.m2\repository\org\springframework\boot\spring-boot\3.5.14\spring-boot-3.5.14.jar;C:\Users\jeann\.m2\repository\org\springframework\boot\spring-boot-autoconfigure\3.5.14\spring-boot-autoconfigure-3.5.14.jar;C:\Users\jeann\.m2\repository\org\springframework\boot\spring-boot-starter-logging\3.5.14\spring-boot-starter-logging-3.5.14.jar;C:\Users\jeann\.m2\repository\ch\qos\logback\logback-classic\1.5.32\logback-classic-1.5.32.jar;C:\Users\jeann\.m2\repository\ch\qos\logback\logback-core\1.5.32\logback-core-1.5.32.jar;C:\Users\jeann\.m2\repository\org\apache\logging\log4j\log4j-to-slf4j\2.24.3\log4j-to-slf4j-2.24.3.jar;C:\Users\jeann\.m2\repository\org\apache\logging\log4j\log4j-api\2.24.3\log4j-api-2.24.3.jar;C:\Users\jeann\.m2\repository\org\slf4j\jul-to-slf4j\2.0.17\jul-to-slf4j-2.0.17.jar;C:\Users\jeann\.m2\repository\jakarta\annotation\jakarta.annotation-api\2.1.1\jakarta.annotation-api-2.1.1.jar;C:\Users\jeann\.m2\repository\org\yaml\snakeyaml\2.4\snakeyaml-2.4.jar;C:\Users\jeann\.m2\repository\org\springframework\boot\spring-boot-starter-json\3.5.14\spring-boot-starter-json-3.5.14.jar;C:\Users\jeann\.m2\repository\com\fasterxml\jackson\core\jackson-databind\2.21.2\jackson-databind-2.21.2.jar;C:\Users\jeann\.m2\repository\com\fasterxml\jackson\core\jackson-annotations\2.21\jackson-annotations-2.21.jar;C:\Users\jeann\.m2\repository\com\fasterxml\jackson\core\jackson-core\2.21.2\jackson-core-2.21.2.jar;C:\Users\jeann\.m2\repository\com\fasterxml\jackson\datatype\jackson-datatype-jdk8\2.21.2\jackson-datatype-jdk8-2.21.2.jar;C:\Users\jeann\.m2\repository\com\fasterxml\jackson\datatype\jackson-datatype-jsr310\2.21.2\jackson-datatype-jsr310-2.21.2.jar;C:\Users\jeann\.m2\repository\com\fasterxml\jackson\module\jackson-module-parameter-names\2.21.2\jackson-module-parameter-names-2.21.2.jar;C:\Users\jeann\.m2\repository\org\springframework\boot\spring-boot-starter-tomcat\3.5.14\spring-boot-starter-tomcat-3.5.14.jar;C:\Users\jeann\.m2\repository\org\apache\tomcat\embed\tomcat-embed-core\10.1.54\tomcat-embed-core-10.1.54.jar;C:\Users\jeann\.m2\repository\org\apache\tomcat\embed\tomcat-embed-el\10.1.54\tomcat-embed-el-10.1.54.jar;C:\Users\jeann\.m2\repository\org\apache\tomcat\embed\tomcat-embed-websocket\10.1.54\tomcat-embed-websocket-10.1.54.jar;C:\Users\jeann\.m2\repository\org\springframework\spring-web\6.2.18\spring-web-6.2.18.jar;C:\Users\jeann\.m2\repository\org\springframework\spring-beans\6.2.18\spring-beans-6.2.18.jar;C:\Users\jeann\.m2\repository\io\micrometer\micrometer-observation\1.15.11\micrometer-observation-1.15.11.jar;C:\Users\jeann\.m2\repository\io\micrometer\micrometer-commons\1.15.11\micrometer-commons-1.15.11.jar;C:\Users\jeann\.m2\repository\org\springframework\spring-webmvc\6.2.18\spring-webmvc-6.2.18.jar;C:\Users\jeann\.m2\repository\org\springframework\spring-aop\6.2.18\spring-aop-6.2.18.jar;C:\Users\jeann\.m2\repository\org\springframework\spring-context\6.2.18\spring-context-6.2.18.jar;C:\Users\jeann\.m2\repository\org\springframework\spring-expression\6.2.18\spring-expression-6.2.18.jar;C:\Users\jeann\.m2\repository\org\springframework\cloud\spring-cloud-starter-netflix-eureka-server\4.3.2\spring-cloud-starter-netflix-eureka-server-4.3.2.jar;C:\Users\jeann\.m2\repository\org\springframework\cloud\spring-cloud-starter\4.3.2\spring-cloud-starter-4.3.2.jar;C:\Users\jeann\.m2\repository\org\springframework\cloud\spring-cloud-context\4.3.2\spring-cloud-context-4.3.2.jar;C:\Users\jeann\.m2\repository\org\springframework\security\spring-security-crypto\6.5.10\spring-security-crypto-6.5.10.jar;C:\Users\jeann\.m2\repository\org\springframework\cloud\spring-cloud-commons\4.3.2\spring-cloud-commons-4.3.2.jar;C:\Users\jeann\.m2\repository\org\bouncycastle\bcprov-jdk18on\1.80\bcprov-jdk18on-1.80.jar;C:\Users\jeann\.m2\repository\org\springframework\cloud\spring-cloud-netflix-eureka-server\4.3.2\spring-cloud-netflix-eureka-server-4.3.2.jar;C:\Users\jeann\.m2\repository\org\springframework\boot\spring-boot-starter-actuator\3.5.14\spring-boot-starter-actuator-3.5.14.jar;C:\Users\jeann\.m2\repository\org\springframework\boot\spring-boot-actuator-autoconfigure\3.5.14\spring-boot-actuator-autoconfigure-3.5.14.jar;C:\Users\jeann\.m2\repository\org\springframework\boot\spring-boot-actuator\3.5.14\spring-boot-actuator-3.5.14.jar;C:\Users\jeann\.m2\repository\io\micrometer\micrometer-jakarta9\1.15.11\micrometer-jakarta9-1.15.11.jar;C:\Users\jeann\.m2\repository\io\micrometer\micrometer-core\1.15.11\micrometer-core-1.15.11.jar;C:\Users\jeann\.m2\repository\org\hdrhistogram\HdrHistogram\2.2.2\HdrHistogram-2.2.2.jar;C:\Users\jeann\.m2\repository\org\latencyutils\LatencyUtils\2.0.3\LatencyUtils-2.0.3.jar;C:\Users\jeann\.m2\repository\org\springframework\boot\spring-boot-starter-freemarker\3.5.14\spring-boot-starter-freemarker-3.5.14.jar;C:\Users\jeann\.m2\repository\org\freemarker\freemarker\2.3.34\freemarker-2.3.34.jar;C:\Users\jeann\.m2\repository\org\springframework\spring-context-support\6.2.18\spring-context-support-6.2.18.jar;C:\Users\jeann\.m2\repository\org\springframework\cloud\spring-cloud-netflix-eureka-client\4.3.2\spring-cloud-netflix-eureka-client-4.3.2.jar;C:\Users\jeann\.m2\repository\com\netflix\eureka\eureka-client\2.0.6\eureka-client-2.0.6.jar;C:\Users\jeann\.m2\repository\com\thoughtworks\xstream\xstream\1.4.21\xstream-1.4.21.jar;C:\Users\jeann\.m2\repository\io\github\x-stream\mxparser\1.2.2\mxparser-1.2.2.jar;C:\Users\jeann\.m2\repository\xmlpull\xmlpull\1.1.3.1\xmlpull-1.1.3.1.jar;C:\Users\jeann\.m2\repository\com\netflix\spectator\spectator-api\1.7.3\spectator-api-1.7.3.jar;C:\Users\jeann\.m2\repository\org\apache\httpcomponents\httpclient\4.5.3\httpclient-4.5.3.jar;C:\Users\jeann\.m2\repository\org\apache\httpcomponents\httpcore\4.4.16\httpcore-4.4.16.jar;C:\Users\jeann\.m2\repository\com\netflix\netflix-commons\netflix-eventbus\0.3.0\netflix-eventbus-0.3.0.jar;C:\Users\jeann\.m2\repository\com\netflix\netflix-commons\netflix-infix\0.3.0\netflix-infix-0.3.0.jar;C:\Users\jeann\.m2\repository\commons-jxpath\commons-jxpath\1.3\commons-jxpath-1.3.jar;C:\Users\jeann\.m2\repository\joda-time\joda-time\2.3\joda-time-2.3.jar;C:\Users\jeann\.m2\repository\org\antlr\antlr-runtime\3.4\antlr-runtime-3.4.jar;C:\Users\jeann\.m2\repository\org\antlr\stringtemplate\3.2.1\stringtemplate-3.2.1.jar;C:\Users\jeann\.m2\repository\antlr\antlr\2.7.7\antlr-2.7.7.jar;C:\Users\jeann\.m2\repository\com\google\code\gson\gson\2.13.2\gson-2.13.2.jar;C:\Users\jeann\.m2\repository\com\netflix\servo\servo-core\0.5.3\servo-core-0.5.3.jar;C:\Users\jeann\.m2\repository\org\apache\commons\commons-math\2.2\commons-math-2.2.jar;C:\Users\jeann\.m2\repository\javax\annotation\javax.annotation-api\1.2\javax.annotation-api-1.2.jar;C:\Users\jeann\.m2\repository\org\codehaus\jettison\jettison\1.5.4\jettison-1.5.4.jar;C:\Users\jeann\.m2\repository\org\apache\httpcomponents\client5\httpclient5\5.5.2\httpclient5-5.5.2.jar;C:\Users\jeann\.m2\repository\org\apache\httpcomponents\core5\httpcore5\5.3.6\httpcore5-5.3.6.jar;C:\Users\jeann\.m2\repository\org\apache\httpcomponents\core5\httpcore5-h2\5.3.6\httpcore5-h2-5.3.6.jar;C:\Users\jeann\.m2\repository\com\netflix\eureka\eureka-client-jersey3\2.0.6\eureka-client-jersey3-2.0.6.jar;C:\Users\jeann\.m2\repository\org\glassfish\jersey\connectors\jersey-apache-connector\3.1.11\jersey-apache-connector-3.1.11.jar;C:\Users\jeann\.m2\repository\commons-codec\commons-codec\1.18.0\commons-codec-1.18.0.jar;C:\Users\jeann\.m2\repository\com\netflix\eureka\eureka-core-jersey3\2.0.6\eureka-core-jersey3-2.0.6.jar;C:\Users\jeann\.m2\repository\com\netflix\eureka\eureka-core\2.0.6\eureka-core-2.0.6.jar;C:\Users\jeann\.m2\repository\com\google\guava\guava\33.0.0-jre\guava-33.0.0-jre.jar;C:\Users\jeann\.m2\repository\com\google\guava\failureaccess\1.0.2\failureaccess-1.0.2.jar;C:\Users\jeann\.m2\repository\com\google\guava\listenablefuture\9999.0-empty-to-avoid-conflict-with-guava\listenablefuture-9999.0-empty-to-avoid-conflict-with-guava.jar;C:\Users\jeann\.m2\repository\org\checkerframework\checker-qual\3.41.0\checker-qual-3.41.0.jar;C:\Users\jeann\.m2\repository\com\google\errorprone\error_prone_annotations\2.23.0\error_prone_annotations-2.23.0.jar;C:\Users\jeann\.m2\repository\com\google\j2objc\j2objc-annotations\2.8\j2objc-annotations-2.8.jar;C:\Users\jeann\.m2\repository\org\glassfish\jersey\containers\jersey-container-servlet\3.1.11\jersey-container-servlet-3.1.11.jar;C:\Users\jeann\.m2\repository\org\glassfish\jersey\containers\jersey-container-servlet-core\3.1.11\jersey-container-servlet-core-3.1.11.jar;C:\Users\jeann\.m2\repository\org\glassfish\jersey\core\jersey-common\3.1.11\jersey-common-3.1.11.jar;C:\Users\jeann\.m2\repository\org\glassfish\hk2\osgi-resource-locator\1.0.3\osgi-resource-locator-1.0.3.jar;C:\Users\jeann\.m2\repository\jakarta\ws\rs\jakarta.ws.rs-api\3.1.0\jakarta.ws.rs-api-3.1.0.jar;C:\Users\jeann\.m2\repository\org\glassfish\jersey\core\jersey-server\3.1.11\jersey-server-3.1.11.jar;C:\Users\jeann\.m2\repository\jakarta\inject\jakarta.inject-api\2.0.1\jakarta.inject-api-2.0.1.jar;C:\Users\jeann\.m2\repository\jakarta\validation\jakarta.validation-api\3.0.2\jakarta.validation-api-3.0.2.jar;C:\Users\jeann\.m2\repository\org\glassfish\jersey\core\jersey-client\3.1.11\jersey-client-3.1.11.jar;C:\Users\jeann\.m2\repository\org\glassfish\jersey\inject\jersey-hk2\3.1.11\jersey-hk2-3.1.11.jar;C:\Users\jeann\.m2\repository\org\glassfish\hk2\hk2-locator\3.0.6\hk2-locator-3.0.6.jar;C:\Users\jeann\.m2\repository\org\glassfish\hk2\hk2-utils\3.0.6\hk2-utils-3.0.6.jar;C:\Users\jeann\.m2\repository\org\javassist\javassist\3.30.2-GA\javassist-3.30.2-GA.jar;C:\Users\jeann\.m2\repository\org\glassfish\hk2\spring-bridge\3.1.1\spring-bridge-3.1.1.jar;C:\Users\jeann\.m2\repository\org\glassfish\hk2\hk2-api\3.1.1\hk2-api-3.1.1.jar;C:\Users\jeann\.m2\repository\com\fasterxml\jackson\dataformat\jackson-dataformat-xml\2.21.2\jackson-dataformat-xml-2.21.2.jar;C:\Users\jeann\.m2\repository\org\codehaus\woodstox\stax2-api\4.2.2\stax2-api-4.2.2.jar;C:\Users\jeann\.m2\repository\com\fasterxml\woodstox\woodstox-core\7.1.1\woodstox-core-7.1.1.jar;C:\Users\jeann\.m2\repository\org\springframework\cloud\spring-cloud-starter-loadbalancer\4.3.2\spring-cloud-starter-loadbalancer-4.3.2.jar;C:\Users\jeann\.m2\repository\org\springframework\cloud\spring-cloud-loadbalancer\4.3.2\spring-cloud-loadbalancer-4.3.2.jar;C:\Users\jeann\.m2\repository\io\projectreactor\reactor-core\3.7.18\reactor-core-3.7.18.jar;C:\Users\jeann\.m2\repository\org\reactivestreams\reactive-streams\1.0.4\reactive-streams-1.0.4.jar;C:\Users\jeann\.m2\repository\io\projectreactor\addons\reactor-extra\3.5.4\reactor-extra-3.5.4.jar;C:\Users\jeann\.m2\repository\org\springframework\boot\spring-boot-starter-cache\3.5.14\spring-boot-starter-cache-3.5.14.jar;C:\Users\jeann\.m2\repository\com\stoyanr\evictor\1.0.0\evictor-1.0.0.jar;C:\Users\jeann\.m2\repository\org\glassfish\jaxb\jaxb-runtime\4.0.6\jaxb-runtime-4.0.6.jar;C:\Users\jeann\.m2\repository\org\glassfish\jaxb\jaxb-core\4.0.6\jaxb-core-4.0.6.jar;C:\Users\jeann\.m2\repository\org\eclipse\angus\angus-activation\2.0.3\angus-activation-2.0.3.jar;C:\Users\jeann\.m2\repository\org\glassfish\jaxb\txw2\4.0.6\txw2-4.0.6.jar;C:\Users\jeann\.m2\repository\com\sun\istack\istack-commons-runtime\4.1.2\istack-commons-runtime-4.1.2.jar;C:\Users\jeann\.m2\repository\org\slf4j\slf4j-api\2.0.17\slf4j-api-2.0.17.jar;C:\Users\jeann\.m2\repository\jakarta\xml\bind\jakarta.xml.bind-api\4.0.4\jakarta.xml.bind-api-4.0.4.jar;C:\Users\jeann\.m2\repository\jakarta\activation\jakarta.activation-api\2.1.4\jakarta.activation-api-2.1.4.jar;C:\Users\jeann\.m2\repository\org\springframework\spring-core\6.2.18\spring-core-6.2.18.jar;C:\Users\jeann\.m2\repository\org\springframework\spring-jcl\6.2.18\spring-jcl-6.2.18.jar
Launcher Type: SUN_STANDARD

[Global flags]
     intx CICompilerCount                          = 12                                        {product} {ergonomic}
     uint ConcGCThreads                            = 3                                         {product} {ergonomic}
     uint G1ConcRefinementThreads                  = 13                                        {product} {ergonomic}
   size_t G1HeapRegionSize                         = 1048576                                   {product} {ergonomic}
    uintx GCDrainStackTargetSize                   = 64                                        {product} {ergonomic}
   size_t InitialHeapSize                          = 123731968                                 {product} {ergonomic}
   size_t MarkStackSize                            = 4194304                                   {product} {ergonomic}
   size_t MaxHeapSize                              = 1977614336                                {product} {ergonomic}
   size_t MaxNewSize                               = 1185939456                                {product} {ergonomic}
   size_t MinHeapDeltaBytes                        = 1048576                                   {product} {ergonomic}
   size_t MinHeapSize                              = 8388608                                   {product} {ergonomic}
    uintx NonNMethodCodeHeapSize                   = 7602480                                {pd product} {ergonomic}
    uintx NonProfiledCodeHeapSize                  = 122027880                              {pd product} {ergonomic}
    uintx ProfiledCodeHeapSize                     = 122027880                              {pd product} {ergonomic}
    uintx ReservedCodeCacheSize                    = 251658240                              {pd product} {ergonomic}
     bool SegmentedCodeCache                       = true                                      {product} {ergonomic}
     bool ShowCodeDetailsInExceptionMessages       = true                                   {manageable} {command line}
   size_t SoftMaxHeapSize                          = 1977614336                             {manageable} {ergonomic}
     bool UseCompressedOops                        = true                           {product lp64_product} {ergonomic}
     bool UseG1GC                                  = true                                      {product} {ergonomic}
     bool UseLargePagesIndividualAllocation        = false                                  {pd product} {ergonomic}

Logging:
Log output configuration:
 #0: stdout all=warning uptime,level,tags foldmultilines=false
 #1: stderr all=off uptime,level,tags foldmultilines=false

Release file:
JAVA_VERSION="21.0.10" 
MODULES="java.base java.compiler java.datatransfer java.xml java.prefs java.desktop java.instrument java.logging java.management java.security.sasl java.naming java.rmi java.management.rmi java.net.http java.scripting java.security.jgss java.transaction.xa java.sql java.sql.rowset java.xml.crypto java.se java.smartcardio jdk.accessibility jdk.internal.jvmstat jdk.attach jdk.charsets jdk.internal.opt jdk.zipfs jdk.compiler jdk.crypto.ec jdk.crypto.cryptoki jdk.crypto.mscapi jdk.dynalink jdk.internal.ed jdk.editpad jdk.hotspot.agent jdk.httpserver jdk.internal.le jdk.internal.vm.ci jdk.internal.vm.compiler jdk.internal.vm.compiler.management jdk.jartool jdk.javadoc jdk.jcmd jdk.management jdk.management.agent jdk.jconsole jdk.jdeps jdk.jdwp.agent jdk.jdi jdk.jfr jdk.jshell jdk.jsobject jdk.jstatd jdk.localedata jdk.management.jfr jdk.naming.dns jdk.naming.rmi jdk.net jdk.nio.mapmode jdk.random jdk.sctp jdk.security.auth jdk.security.jgss jdk.unsupported jdk.unsupported.desktop jdk.xml.dom" 

Environment Variables:
PATH=C:\Users\jeann\AppData\Local\Programs\Microsoft VS Code;C:\Program Files\Eclipse Adoptium\jdk-25.0.3.9-hotspot\bin;C:\Program Files\Common Files\Oracle\Java\javapath;C:\Program Files (x86)\Common Files\Oracle\Java\java8path;C:\Program Files (x86)\Common Files\Oracle\Java\javapath;C:\WINDOWS\system32;C:\WINDOWS;C:\WINDOWS\System32\Wbem;C:\WINDOWS\System32\WindowsPowerShell\v1.0\;C:\WINDOWS\System32\OpenSSH\;C:\Program Files\NVIDIA Corporation\NVIDIA App\NvDLISR;C:\Program Files (x86)\NVIDIA Corporation\PhysX\Common;C:\Program Files\dotnet\;C:\Program Files\Git\cmd;C:\Program Files\nodejs\;C:\ProgramData\chocolatey\bin;C:\Users\jeann\AppData\Local\Programs\Python\Python312\Scripts\;C:\Users\jeann\AppData\Local\Programs\Python\Python312\;C:\Users\jeann\AppData\Local\Programs\Python\Python314\Scripts\;C:\Users\jeann\AppData\Local\Programs\Python\Python314\;C:\Users\jeann\AppData\Local\Microsoft\WindowsApps;C:\Users\jeann\AppData\Local\Programs\Microsoft VS Code\bin;C:\Users\jeann\AppData\Roaming\npm;C:\Program Files\MySQL\MySQL Server 8.0\bin;c:\Users\jeann\.vscode\extensions\vscjava.vscode-java-debug-0.59.0\bundled\scripts\noConfigScripts
USERNAME=jeann
LANG=es_ES.UTF-8
OS=Windows_NT
PROCESSOR_IDENTIFIER=AMD64 Family 23 Model 96 Stepping 1, AuthenticAMD
TMP=C:\Users\jeann\AppData\Local\Temp
TEMP=C:\Users\jeann\AppData\Local\Temp




Periodic native trim disabled

---------------  S Y S T E M  ---------------

OS:
 Windows 11 , 64 bit Build 26100 (10.0.26100.8246)
OS uptime: 0 days 0:09 hours
Hyper-V role detected

CPU: total 16 (initial active 16) (16 cores per cpu, 2 threads per core) family 23 model 96 stepping 1 microcode 0x860010f, cx8, cmov, fxsr, ht, mmx, 3dnowpref, sse, sse2, sse3, ssse3, sse4a, sse4.1, sse4.2, popcnt, lzcnt, tsc, tscinvbit, avx, avx2, aes, clmul, bmi1, bmi2, adx, sha, fma, vzeroupper, clflush, clflushopt, hv, rdtscp, rdpid, f16c
Processor Information for the first 16 processors :
  Max Mhz: 2900, Current Mhz: 2900, Mhz Limit: 2900

Memory: 4k page, system-wide physical 7537M (781M free)
TotalPageFile size 19825M (AvailPageFile size 7M)
current process WorkingSet (physical memory assigned to process): 151M, peak: 270M
current process commit charge ("private bytes"): 308M, peak: 327M

vm_info: OpenJDK 64-Bit Server VM (21.0.10+7-LTS) for windows-amd64 JRE (21.0.10+7-LTS), built on 2026-01-20T00:00:00Z by "admin" with MS VC++ 17.12 (VS2022)

END.
