#
# There is insufficient memory for the Java Runtime Environment to continue.
# Native memory allocation (malloc) failed to allocate 1390064 bytes. Error detail: Chunk::new
# Possible reasons:
#   The system is out of physical RAM or swap space
#   This process is running with CompressedOops enabled, and the Java Heap may be blocking the growth of the native heap
# Possible solutions:
#   Reduce memory load on the system
#   Increase physical memory or swap space
#   Check if swap backing store is full
#   Decrease Java heap size (-Xmx/-Xms)
#   Decrease number of Java threads
#   Decrease Java thread stack sizes (-Xss)
#   Set larger code cache with -XX:ReservedCodeCacheSize=
#   JVM is running with Unscaled Compressed Oops mode in which the Java heap is
#     placed in the first 4GB address space. The Java Heap base address is the
#     maximum limit for the native heap growth. Please use -XX:HeapBaseMinAddress
#     to set the Java Heap base and to place the Java Heap above 4GB virtual address.
# This output file may be truncated or incomplete.
#
#  Out of Memory Error (arena.cpp:168), pid=9276, tid=21284
#
# JRE version: OpenJDK Runtime Environment Temurin-21.0.10+7 (21.0.10+7) (build 21.0.10+7-LTS)
# Java VM: OpenJDK 64-Bit Server VM Temurin-21.0.10+7 (21.0.10+7-LTS, mixed mode, sharing, tiered, compressed oops, compressed class ptrs, parallel gc, windows-amd64)
# No core dump will be written. Minidumps are not enabled by default on client versions of Windows
#

---------------  S U M M A R Y ------------

Command Line: --add-modules=ALL-SYSTEM --add-opens=java.base/java.util=ALL-UNNAMED --add-opens=java.base/java.lang=ALL-UNNAMED --add-opens=java.base/sun.nio.fs=ALL-UNNAMED -Declipse.application=org.eclipse.jdt.ls.core.id1 -Dosgi.bundles.defaultStartLevel=4 -Declipse.product=org.eclipse.jdt.ls.core.product -Djava.import.generatesMetadataFilesAtProjectRoot=false -DDetectVMInstallationsJob.disabled=true -Dfile.encoding=utf8 -XX:+UseParallelGC -XX:GCTimeRatio=4 -XX:AdaptiveSizePolicyWeight=90 -Dsun.zip.disableMemoryMapping=true -Xmx2G -Xms100m -Xlog:disable -javaagent:c:\Users\jeann\.vscode\extensions\redhat.java-1.54.0-win32-x64\lombok\lombok-1.18.39-4050.jar -XX:+HeapDumpOnOutOfMemoryError -XX:HeapDumpPath=c:\Users\jeann\AppData\Roaming\Code\User\workspaceStorage\4f8de468f99ca60750c283439e57efd3\redhat.java -Daether.dependencyCollector.impl=bf c:\Users\jeann\.vscode\extensions\redhat.java-1.54.0-win32-x64\server\plugins\org.eclipse.equinox.launcher_1.7.100.v20251111-0406.jar -configuration c:\Users\jeann\AppData\Roaming\Code\User\globalStorage\redhat.java\1.54.0\config_win -data c:\Users\jeann\AppData\Roaming\Code\User\workspaceStorage\4f8de468f99ca60750c283439e57efd3\redhat.java\jdt_ws --pipe=\\.\pipe\lsp-f18ffec28615f7a0525564d3e73c4fbe-sock

Host: AMD Ryzen 7 4800H with Radeon Graphics         , 16 cores, 7G,  Windows 11 , 64 bit Build 26100 (10.0.26100.8246)
Time: Sat May  9 21:56:32 2026 Hora est. Sudam廨ica Pac璗ico elapsed time: 40.868872 seconds (0d 0h 0m 40s)

---------------  T H R E A D  ---------------

Current thread (0x00000207dd9beb50):  JavaThread "C2 CompilerThread0" daemon [_thread_in_native, id=21284, stack(0x0000001d75d00000,0x0000001d75e00000) (1024K)]


Current CompileTask:
C2:40868 13803   !   4       org.eclipse.jdt.internal.core.index.DiskIndex::mergeWith (623 bytes)

Stack: [0x0000001d75d00000,0x0000001d75e00000]
Native frames: (J=compiled Java code, j=interpreted, Vv=VM code, C=native code)
V  [jvm.dll+0x6d7a39]
V  [jvm.dll+0x8b4b26]
V  [jvm.dll+0x8b70de]
V  [jvm.dll+0x8b77c3]
V  [jvm.dll+0x284346]
V  [jvm.dll+0xc66ed]
V  [jvm.dll+0xc6c31]
V  [jvm.dll+0x3bec3b]
V  [jvm.dll+0x1e3d62]
V  [jvm.dll+0x24c6b3]
V  [jvm.dll+0x24bb40]
V  [jvm.dll+0x1cb34e]
V  [jvm.dll+0x25b85d]
V  [jvm.dll+0x259dea]
V  [jvm.dll+0x3f857e]
V  [jvm.dll+0x85f59d]
V  [jvm.dll+0x6d626d]
C  [ucrtbase.dll+0x37b0]
C  [KERNEL32.DLL+0x2e8d7]
C  [ntdll.dll+0x8c3fc]


---------------  P R O C E S S  ---------------

Threads class SMR info:
_java_thread_list=0x00000207ed278150, length=73, elements={
0x00000207c5b52e30, 0x00000207dc5fe2e0, 0x00000207c5bf40e0, 0x00000207c5bfa260,
0x00000207c5bfacc0, 0x00000207c5bfec90, 0x00000207c5c00d80, 0x00000207dd9beb50,
0x00000207dd9b4f60, 0x00000207ddbf3910, 0x00000207ddd1a380, 0x00000207e40cbc70,
0x00000207e41b2730, 0x00000207e417df60, 0x00000207dfa09c40, 0x00000207e484bb00,
0x00000207e460b5a0, 0x00000207df842360, 0x00000207e4a33430, 0x00000207e4a35500,
0x00000207e4a33ac0, 0x00000207e4a34150, 0x00000207e4a32080, 0x00000207e4a347e0,
0x00000207e4a32710, 0x00000207e4a34e70, 0x00000207e6008d10, 0x00000207e6009a30,
0x00000207e600b470, 0x00000207e600a0c0, 0x00000207e6007ff0, 0x00000207e600bb00,
0x00000207e60093a0, 0x00000207e600a750, 0x00000207e600ade0, 0x00000207e6008680,
0x00000207e600dbd0, 0x00000207e600e8f0, 0x00000207e600c820, 0x00000207e600f610,
0x00000207e600ef80, 0x00000207e600e260, 0x00000207e600d540, 0x00000207e600c190,
0x00000207e600ceb0, 0x00000207e7a5eff0, 0x00000207e7a5fd10, 0x00000207e7a61de0,
0x00000207e7a63eb0, 0x00000207e7a64540, 0x00000207e7a62b00, 0x00000207ed21fff0,
0x00000207ed21d200, 0x00000207ed220680, 0x00000207ed21e5b0, 0x00000207ed220d10,
0x00000207ed21d890, 0x00000207ed2213a0, 0x00000207ed21df20, 0x00000207ed222de0,
0x00000207ed221a30, 0x00000207ed2220c0, 0x00000207ed222750, 0x00000207ed21f960,
0x00000207ed223b00, 0x00000207ed224190, 0x00000207ed224820, 0x00000207e4e35700,
0x00000207e4e349e0, 0x00000207e4e34350, 0x00000207e4e33630, 0x00000207e4e36420,
0x00000207e4e35d90
}

Java Threads: ( => current thread )
  0x00000207c5b52e30 JavaThread "main"                              [_thread_blocked, id=1216, stack(0x0000001d75300000,0x0000001d75400000) (1024K)]
  0x00000207dc5fe2e0 JavaThread "Reference Handler"          daemon [_thread_blocked, id=19624, stack(0x0000001d75700000,0x0000001d75800000) (1024K)]
  0x00000207c5bf40e0 JavaThread "Finalizer"                  daemon [_thread_blocked, id=13512, stack(0x0000001d75800000,0x0000001d75900000) (1024K)]
  0x00000207c5bfa260 JavaThread "Signal Dispatcher"          daemon [_thread_blocked, id=22840, stack(0x0000001d75900000,0x0000001d75a00000) (1024K)]
  0x00000207c5bfacc0 JavaThread "Attach Listener"            daemon [_thread_blocked, id=22424, stack(0x0000001d75a00000,0x0000001d75b00000) (1024K)]
  0x00000207c5bfec90 JavaThread "Service Thread"             daemon [_thread_blocked, id=23396, stack(0x0000001d75b00000,0x0000001d75c00000) (1024K)]
  0x00000207c5c00d80 JavaThread "Monitor Deflation Thread"   daemon [_thread_blocked, id=7740, stack(0x0000001d75c00000,0x0000001d75d00000) (1024K)]
=>0x00000207dd9beb50 JavaThread "C2 CompilerThread0"         daemon [_thread_in_native, id=21284, stack(0x0000001d75d00000,0x0000001d75e00000) (1024K)]
  0x00000207dd9b4f60 JavaThread "C1 CompilerThread0"         daemon [_thread_blocked, id=21132, stack(0x0000001d75e00000,0x0000001d75f00000) (1024K)]
  0x00000207ddbf3910 JavaThread "Common-Cleaner"             daemon [_thread_blocked, id=22992, stack(0x0000001d76200000,0x0000001d76300000) (1024K)]
  0x00000207ddd1a380 JavaThread "Notification Thread"        daemon [_thread_blocked, id=23380, stack(0x0000001d76400000,0x0000001d76500000) (1024K)]
  0x00000207e40cbc70 JavaThread "Active Thread: Equinox Container: 8f689b69-cdce-4ec5-b82b-42cd0dc1c288"        [_thread_blocked, id=24712, stack(0x0000001d76b00000,0x0000001d76c00000) (1024K)]
  0x00000207e41b2730 JavaThread "Refresh Thread: Equinox Container: 8f689b69-cdce-4ec5-b82b-42cd0dc1c288" daemon [_thread_blocked, id=14472, stack(0x0000001d76d00000,0x0000001d76e00000) (1024K)]
  0x00000207e417df60 JavaThread "Framework Event Dispatcher: Equinox Container: 8f689b69-cdce-4ec5-b82b-42cd0dc1c288" daemon [_thread_blocked, id=21172, stack(0x0000001d76e00000,0x0000001d76f00000) (1024K)]
  0x00000207dfa09c40 JavaThread "Start Level: Equinox Container: 8f689b69-cdce-4ec5-b82b-42cd0dc1c288" daemon [_thread_blocked, id=23472, stack(0x0000001d76100000,0x0000001d76200000) (1024K)]
  0x00000207e484bb00 JavaThread "Bundle File Closer"         daemon [_thread_blocked, id=16784, stack(0x0000001d77300000,0x0000001d77400000) (1024K)]
  0x00000207e460b5a0 JavaThread "SCR Component Actor"        daemon [_thread_blocked, id=9196, stack(0x0000001d76300000,0x0000001d76400000) (1024K)]
  0x00000207df842360 JavaThread "Worker-JM"                         [_thread_blocked, id=13232, stack(0x0000001d77500000,0x0000001d77600000) (1024K)]
  0x00000207e4a33430 JavaThread "Worker-0"                          [_thread_blocked, id=22348, stack(0x0000001d76f00000,0x0000001d77000000) (1024K)]
  0x00000207e4a35500 JavaThread "Worker-1: Java indexing... "        [_thread_blocked, id=19568, stack(0x0000001d77400000,0x0000001d77500000) (1024K)]
  0x00000207e4a33ac0 JavaThread "Worker-2: Initialize workspace"        [_thread_blocked, id=10300, stack(0x0000001d77a00000,0x0000001d77b00000) (1024K)]
  0x00000207e4a34150 JavaThread "Worker-3"                          [_thread_blocked, id=22476, stack(0x0000001d77b00000,0x0000001d77c00000) (1024K)]
  0x00000207e4a32080 JavaThread "Java indexing"              daemon [_thread_blocked, id=10584, stack(0x0000001d77c00000,0x0000001d77d00000) (1024K)]
  0x00000207e4a347e0 JavaThread "JNA Cleaner"                daemon [_thread_blocked, id=22320, stack(0x0000001d77d00000,0x0000001d77e00000) (1024K)]
  0x00000207e4a32710 JavaThread "Worker-4"                          [_thread_blocked, id=24808, stack(0x0000001d78000000,0x0000001d78100000) (1024K)]
  0x00000207e4a34e70 JavaThread "Worker-5"                          [_thread_blocked, id=18752, stack(0x0000001d78100000,0x0000001d78200000) (1024K)]
  0x00000207e6008d10 JavaThread "Thread-1"                   daemon [_thread_in_native, id=21752, stack(0x0000001d78200000,0x0000001d78300000) (1024K)]
  0x00000207e6009a30 JavaThread "Thread-2"                   daemon [_thread_in_native, id=15620, stack(0x0000001d78300000,0x0000001d78400000) (1024K)]
  0x00000207e600b470 JavaThread "Thread-3"                   daemon [_thread_in_native, id=6604, stack(0x0000001d78400000,0x0000001d78500000) (1024K)]
  0x00000207e600a0c0 JavaThread "Thread-4"                   daemon [_thread_in_native, id=21112, stack(0x0000001d78500000,0x0000001d78600000) (1024K)]
  0x00000207e6007ff0 JavaThread "Thread-5"                   daemon [_thread_in_native, id=8892, stack(0x0000001d78600000,0x0000001d78700000) (1024K)]
  0x00000207e600bb00 JavaThread "Thread-6"                   daemon [_thread_in_native, id=21704, stack(0x0000001d78700000,0x0000001d78800000) (1024K)]
  0x00000207e60093a0 JavaThread "Thread-7"                   daemon [_thread_in_native, id=22368, stack(0x0000001d78800000,0x0000001d78900000) (1024K)]
  0x00000207e600a750 JavaThread "Thread-8"                   daemon [_thread_in_native, id=25124, stack(0x0000001d78900000,0x0000001d78a00000) (1024K)]
  0x00000207e600ade0 JavaThread "Thread-9"                   daemon [_thread_in_native, id=22360, stack(0x0000001d78a00000,0x0000001d78b00000) (1024K)]
  0x00000207e6008680 JavaThread "Thread-10"                  daemon [_thread_in_native, id=14760, stack(0x0000001d78b00000,0x0000001d78c00000) (1024K)]
  0x00000207e600dbd0 JavaThread "Thread-11"                  daemon [_thread_in_native, id=14948, stack(0x0000001d78c00000,0x0000001d78d00000) (1024K)]
  0x00000207e600e8f0 JavaThread "Thread-12"                  daemon [_thread_in_native, id=11072, stack(0x0000001d78d00000,0x0000001d78e00000) (1024K)]
  0x00000207e600c820 JavaThread "Thread-13"                  daemon [_thread_in_native, id=7796, stack(0x0000001d78e00000,0x0000001d78f00000) (1024K)]
  0x00000207e600f610 JavaThread "Thread-14"                  daemon [_thread_in_native, id=23112, stack(0x0000001d78f00000,0x0000001d79000000) (1024K)]
  0x00000207e600ef80 JavaThread "Thread-15"                  daemon [_thread_in_native, id=17036, stack(0x0000001d79000000,0x0000001d79100000) (1024K)]
  0x00000207e600e260 JavaThread "Thread-16"                  daemon [_thread_in_native, id=3840, stack(0x0000001d79100000,0x0000001d79200000) (1024K)]
  0x00000207e600d540 JavaThread "Thread-17"                  daemon [_thread_in_native, id=24764, stack(0x0000001d79200000,0x0000001d79300000) (1024K)]
  0x00000207e600c190 JavaThread "pool-2-thread-1"                   [_thread_blocked, id=10728, stack(0x0000001d79300000,0x0000001d79400000) (1024K)]
  0x00000207e600ceb0 JavaThread "WorkspaceEventsHandler"            [_thread_blocked, id=6656, stack(0x0000001d79500000,0x0000001d79600000) (1024K)]
  0x00000207e7a5eff0 JavaThread "pool-1-thread-1"                   [_thread_blocked, id=5608, stack(0x0000001d79600000,0x0000001d79700000) (1024K)]
  0x00000207e7a5fd10 JavaThread "Compiler Source File Reader" daemon [_thread_blocked, id=23092, stack(0x0000001d79700000,0x0000001d79800000) (1024K)]
  0x00000207e7a61de0 JavaThread "Compiler Source File Reader" daemon [_thread_blocked, id=22088, stack(0x0000001d79900000,0x0000001d79a00000) (1024K)]
  0x00000207e7a63eb0 JavaThread "Compiler Source File Reader" daemon [_thread_blocked, id=18840, stack(0x0000001d79b00000,0x0000001d79c00000) (1024K)]
  0x00000207e7a64540 JavaThread "Compiler Source File Reader" daemon [_thread_blocked, id=22744, stack(0x0000001d79c00000,0x0000001d79d00000) (1024K)]
  0x00000207e7a62b00 JavaThread "Compiler Source File Reader" daemon [_thread_blocked, id=24544, stack(0x0000001d79d00000,0x0000001d79e00000) (1024K)]
  0x00000207ed21fff0 JavaThread "Compiler Source File Reader" daemon [_thread_blocked, id=17460, stack(0x0000001d79e00000,0x0000001d79f00000) (1024K)]
  0x00000207ed21d200 JavaThread "Compiler Source File Reader" daemon [_thread_blocked, id=24652, stack(0x0000001d79f00000,0x0000001d7a000000) (1024K)]
  0x00000207ed220680 JavaThread "Compiler Source File Reader" daemon [_thread_blocked, id=20952, stack(0x0000001d7a000000,0x0000001d7a100000) (1024K)]
  0x00000207ed21e5b0 JavaThread "Compiler Source File Reader" daemon [_thread_blocked, id=23976, stack(0x0000001d7a100000,0x0000001d7a200000) (1024K)]
  0x00000207ed220d10 JavaThread "Compiler Source File Reader" daemon [_thread_blocked, id=22380, stack(0x0000001d7a200000,0x0000001d7a300000) (1024K)]
  0x00000207ed21d890 JavaThread "Compiler Source File Reader" daemon [_thread_blocked, id=16968, stack(0x0000001d7a300000,0x0000001d7a400000) (1024K)]
  0x00000207ed2213a0 JavaThread "Compiler Processing Task"   daemon [_thread_blocked, id=20744, stack(0x0000001d7a400000,0x0000001d7a500000) (1024K)]
  0x00000207ed21df20 JavaThread "Compiler Class File Writer" daemon [_thread_blocked, id=13072, stack(0x0000001d7a500000,0x0000001d7a600000) (1024K)]
  0x00000207ed222de0 JavaThread "Compiler Class File Writer" daemon [_thread_blocked, id=21128, stack(0x0000001d79800000,0x0000001d79900000) (1024K)]
  0x00000207ed221a30 JavaThread "Compiler Class File Writer" daemon [_thread_blocked, id=12572, stack(0x0000001d79a00000,0x0000001d79b00000) (1024K)]
  0x00000207ed2220c0 JavaThread "Compiler Class File Writer" daemon [_thread_blocked, id=23556, stack(0x0000001d7a600000,0x0000001d7a700000) (1024K)]
  0x00000207ed222750 JavaThread "Compiler Class File Writer" daemon [_thread_blocked, id=20896, stack(0x0000001d7a700000,0x0000001d7a800000) (1024K)]
  0x00000207ed21f960 JavaThread "Compiler Class File Writer" daemon [_thread_blocked, id=11936, stack(0x0000001d7a800000,0x0000001d7a900000) (1024K)]
  0x00000207ed223b00 JavaThread "Compiler Class File Writer" daemon [_thread_blocked, id=15456, stack(0x0000001d7aa00000,0x0000001d7ab00000) (1024K)]
  0x00000207ed224190 JavaThread "Compiler Class File Writer" daemon [_thread_blocked, id=24440, stack(0x0000001d7ab00000,0x0000001d7ac00000) (1024K)]
  0x00000207ed224820 JavaThread "Compiler Class File Writer" daemon [_thread_blocked, id=19924, stack(0x0000001d7ac00000,0x0000001d7ad00000) (1024K)]
  0x00000207e4e35700 JavaThread "Compiler Class File Writer" daemon [_thread_blocked, id=10184, stack(0x0000001d7ad00000,0x0000001d7ae00000) (1024K)]
  0x00000207e4e349e0 JavaThread "Compiler Class File Writer" daemon [_thread_blocked, id=16228, stack(0x0000001d7ae00000,0x0000001d7af00000) (1024K)]
  0x00000207e4e34350 JavaThread "Compiler Class File Writer" daemon [_thread_blocked, id=17152, stack(0x0000001d7af00000,0x0000001d7b000000) (1024K)]
  0x00000207e4e33630 JavaThread "Compiler Class File Writer" daemon [_thread_blocked, id=25088, stack(0x0000001d7b000000,0x0000001d7b100000) (1024K)]
  0x00000207e4e36420 JavaThread "Compiler Class File Writer" daemon [_thread_blocked, id=14032, stack(0x0000001d7b100000,0x0000001d7b200000) (1024K)]
  0x00000207e4e35d90 JavaThread "Compiler Source File Reader" daemon [_thread_blocked, id=16436, stack(0x0000001d7b200000,0x0000001d7b300000) (1024K)]
Total: 73

Other Threads:
  0x00000207c37bebf0 VMThread "VM Thread"                           [id=3124, stack(0x0000001d75600000,0x0000001d75700000) (1024K)]
  0x00000207dc4dba00 WatcherThread "VM Periodic Task Thread"        [id=24192, stack(0x0000001d75500000,0x0000001d75600000) (1024K)]
  0x00000207c5b70f40 WorkerThread "GC Thread#0"                     [id=21872, stack(0x0000001d75400000,0x0000001d75500000) (1024K)]
  0x00000207df85ebe0 WorkerThread "GC Thread#1"                     [id=25544, stack(0x0000001d76500000,0x0000001d76600000) (1024K)]
  0x00000207df6d3cf0 WorkerThread "GC Thread#2"                     [id=2312, stack(0x0000001d76600000,0x0000001d76700000) (1024K)]
  0x00000207df6d40a0 WorkerThread "GC Thread#3"                     [id=9320, stack(0x0000001d76700000,0x0000001d76800000) (1024K)]
  0x00000207df6d4450 WorkerThread "GC Thread#4"                     [id=23888, stack(0x0000001d76800000,0x0000001d76900000) (1024K)]
  0x00000207df8b6580 WorkerThread "GC Thread#5"                     [id=11608, stack(0x0000001d76900000,0x0000001d76a00000) (1024K)]
  0x00000207df6cec80 WorkerThread "GC Thread#6"                     [id=7824, stack(0x0000001d76a00000,0x0000001d76b00000) (1024K)]
  0x00000207e41260e0 WorkerThread "GC Thread#7"                     [id=12552, stack(0x0000001d76c00000,0x0000001d76d00000) (1024K)]
  0x00000207df916140 WorkerThread "GC Thread#8"                     [id=21420, stack(0x0000001d77000000,0x0000001d77100000) (1024K)]
  0x00000207df9164f0 WorkerThread "GC Thread#9"                     [id=5972, stack(0x0000001d77100000,0x0000001d77200000) (1024K)]
  0x00000207df9168a0 WorkerThread "GC Thread#10"                    [id=12104, stack(0x0000001d77200000,0x0000001d77300000) (1024K)]
  0x00000207df6c8900 WorkerThread "GC Thread#11"                    [id=18008, stack(0x0000001d77600000,0x0000001d77700000) (1024K)]
  0x00000207e4a96800 WorkerThread "GC Thread#12"                    [id=4184, stack(0x0000001d77700000,0x0000001d77800000) (1024K)]
Total: 15

Threads with active compile tasks:
C2 CompilerThread0  43027 13803   !   4       org.eclipse.jdt.internal.core.index.DiskIndex::mergeWith (623 bytes)
Total: 1

VM state: at safepoint (normal execution)

VM Mutex/Monitor currently owned by a thread:  ([mutex/lock_event])
[0x00007ffddf3ce560] Threads_lock - owner thread: 0x00000207c37bebf0
[0x00007ffddf3ce660] Heap_lock - owner thread: 0x00000207e4a32080

Heap address: 0x0000000080000000, size: 2048 MB, Compressed Oops mode: 32-bit

CDS archive(s) mapped at: [0x0000020780000000-0x0000020780ba0000-0x0000020780ba0000), size 12189696, SharedBaseAddress: 0x0000020780000000, ArchiveRelocationMode: 1.
Compressed class space mapped at: 0x0000020781000000-0x00000207c1000000, reserved size: 1073741824
Narrow klass base: 0x0000020780000000, Narrow klass shift: 0, Narrow klass range: 0x100000000

GC Precious Log:
 CardTable entry size: 512
 CPUs: 16 total, 16 available
 Memory: 7537M
 Large Page Support: Disabled
 NUMA Support: Disabled
 Compressed Oops: Enabled (32-bit)
 Alignments: Space 512K, Generation 512K, Heap 2M
 Heap Min Capacity: 100M
 Heap Initial Capacity: 100M
 Heap Max Capacity: 2G
 Pre-touch: Disabled
 Parallel Workers: 13

Heap:
 PSYoungGen      total 5120K, used 1013K [0x00000000d5580000, 0x00000000d5b80000, 0x0000000100000000)
  eden space 4096K, 0% used [0x00000000d5580000,0x00000000d5580000,0x00000000d5980000)
  from space 1024K, 98% used [0x00000000d5980000,0x00000000d5a7d400,0x00000000d5a80000)
  to   space 1024K, 0% used [0x00000000d5a80000,0x00000000d5a80000,0x00000000d5b80000)
 ParOldGen       total 631808K, used 631671K [0x0000000080000000, 0x00000000a6900000, 0x00000000d5580000)
  object space 631808K, 99% used [0x0000000080000000,0x00000000a68ddc18,0x00000000a6900000)
 Metaspace       used 70722K, committed 72192K, reserved 1114112K
  class space    used 7470K, committed 8128K, reserved 1048576K

Card table byte_map: [0x00000207c54f0000,0x00000207c5900000] _byte_map_base: 0x00000207c50f0000

Marking Bits: (ParMarkBitMap*) 0x00007ffddf3d3450
 Begin Bits: [0x00000207d8000000, 0x00000207da000000)
 End Bits:   [0x00000207da000000, 0x00000207dc000000)

Polling page: 0x00000207c3960000

Metaspace:

Usage:
  Non-class:     61.77 MB used.
      Class:      7.30 MB used.
       Both:     69.07 MB used.

Virtual space:
  Non-class space:       64.00 MB reserved,      62.56 MB ( 98%) committed,  1 nodes.
      Class space:        1.00 GB reserved,       7.94 MB ( <1%) committed,  1 nodes.
             Both:        1.06 GB reserved,      70.50 MB (  6%) committed. 

Chunk freelists:
   Non-Class:  1.39 MB
       Class:  8.03 MB
        Both:  9.42 MB

MaxMetaspaceSize: unlimited
CompressedClassSpaceSize: 1.00 GB
Initial GC threshold: 21.00 MB
Current GC threshold: 97.31 MB
CDS: on
 - commit_granule_bytes: 65536.
 - commit_granule_words: 8192.
 - virtual_space_node_default_size: 8388608.
 - enlarge_chunks_in_place: 1.
 - use_allocation_guard: 0.


Internal statistics:

num_allocs_failed_limit: 9.
num_arena_births: 1200.
num_arena_deaths: 32.
num_vsnodes_births: 2.
num_vsnodes_deaths: 0.
num_space_committed: 1128.
num_space_uncommitted: 0.
num_chunks_returned_to_freelist: 47.
num_chunks_taken_from_freelist: 4340.
num_chunk_merges: 16.
num_chunk_splits: 2638.
num_chunks_enlarged: 1509.
num_inconsistent_stats: 0.

CodeHeap 'non-profiled nmethods': size=119168Kb used=10041Kb max_used=10041Kb free=109126Kb
 bounds [0x00000207d08f0000, 0x00000207d12c0000, 0x00000207d7d50000]
CodeHeap 'profiled nmethods': size=119104Kb used=30640Kb max_used=30640Kb free=88463Kb
 bounds [0x00000207c8d50000, 0x00000207cab40000, 0x00000207d01a0000]
CodeHeap 'non-nmethods': size=7488Kb used=1467Kb max_used=3239Kb free=6020Kb
 bounds [0x00000207d01a0000, 0x00000207d04d0000, 0x00000207d08f0000]
CodeCache: size=245760Kb, used=42148Kb, max_used=43920Kb, free=203609Kb
 total_blobs=13780, nmethods=12998, adapters=687, full_count=0
Compilation: enabled, stopped_count=0, restarted_count=0

Compilation events (20 events):
Event: 37.288 Thread 0x00000207dd9beb50 nmethod 13791% 0x00000207d12ba010 code [0x00000207d12ba260, 0x00000207d12bb158]
Event: 37.406 Thread 0x00000207dd9beb50 13794       4       java.util.jar.Attributes$Name::hash (148 bytes)
Event: 37.408 Thread 0x00000207dd9beb50 nmethod 13794 0x00000207d12bba10 code [0x00000207d12bbbc0, 0x00000207d12bbe30]
Event: 37.447 Thread 0x00000207dd9b4f60 13795   !   3       java.io.FilterOutputStream::close (133 bytes)
Event: 37.447 Thread 0x00000207dd9b4f60 nmethod 13795 0x00000207cab39010 code [0x00000207cab39240, 0x00000207cab39a08]
Event: 37.456 Thread 0x00000207dd9b4f60 13796       1       org.eclipse.jdt.ls.core.internal.managers.StandardProjectsManager::isBuildFinished (5 bytes)
Event: 37.456 Thread 0x00000207dd9b4f60 nmethod 13796 0x00000207d12bc090 code [0x00000207d12bc220, 0x00000207d12bc2f0]
Event: 37.466 Thread 0x00000207dd9b4f60 13797  s    3       java.lang.Thread::setName (44 bytes)
Event: 37.466 Thread 0x00000207dd9b4f60 nmethod 13797 0x00000207cab39c90 code [0x00000207cab39ea0, 0x00000207cab3a4e0]
Event: 37.561 Thread 0x00000207dd9beb50 13798       4       org.eclipse.jdt.internal.core.search.indexing.IndexManager$$Lambda/0x00000207817d2b90::test (12 bytes)
Event: 37.562 Thread 0x00000207dd9b4f60 13799       3       org.eclipse.core.internal.jobs.InternalJob::isAboutToRunCanceled (15 bytes)
Event: 37.562 Thread 0x00000207dd9b4f60 nmethod 13799 0x00000207cab3a690 code [0x00000207cab3a840, 0x00000207cab3a9b8]
Event: 37.567 Thread 0x00000207dd9beb50 nmethod 13798 0x00000207d12bc390 code [0x00000207d12bc560, 0x00000207d12bca00]
Event: 37.610 Thread 0x00000207dd9beb50 13800       4       org.eclipse.jdt.internal.core.search.indexing.AbstractIndexer::addInterfaceDeclaration (86 bytes)
Event: 37.624 Thread 0x00000207dd9b4f60 13801  s    3       org.eclipse.jdt.internal.core.search.processing.JobManager::isEnabled (11 bytes)
Event: 37.624 Thread 0x00000207dd9b4f60 nmethod 13801 0x00000207cab3aa90 code [0x00000207cab3ac40, 0x00000207cab3aeb0]
Event: 37.632 Thread 0x00000207dd9beb50 nmethod 13800 0x00000207d12bcc90 code [0x00000207d12bcee0, 0x00000207d12bdc20]
Event: 37.686 Thread 0x00000207dd9b4f60 13802  s    3       org.eclipse.jdt.internal.core.search.processing.JobManager::currentJobForced (28 bytes)
Event: 37.687 Thread 0x00000207dd9b4f60 nmethod 13802 0x00000207cab3af90 code [0x00000207cab3b180, 0x00000207cab3b6a0]
Event: 38.318 Thread 0x00000207dd9beb50 13803   !   4       org.eclipse.jdt.internal.core.index.DiskIndex::mergeWith (623 bytes)

GC Heap History (20 events):
Event: 38.450 GC heap after
{Heap after GC invocations=914 (full 3):
 PSYoungGen      total 2048K, used 352K [0x00000000d5580000, 0x00000000d5980000, 0x0000000100000000)
  eden space 1536K, 0% used [0x00000000d5580000,0x00000000d5580000,0x00000000d5700000)
  from space 512K, 68% used [0x00000000d5880000,0x00000000d58d8000,0x00000000d5900000)
  to   space 512K, 0% used [0x00000000d5900000,0x00000000d5900000,0x00000000d5980000)
 ParOldGen       total 623616K, used 623468K [0x0000000080000000, 0x00000000a6100000, 0x00000000d5580000)
  object space 623616K, 99% used [0x0000000080000000,0x00000000a60db1e8,0x00000000a6100000)
 Metaspace       used 70722K, committed 72192K, reserved 1114112K
  class space    used 7470K, committed 8128K, reserved 1048576K
}
Event: 38.461 GC heap before
{Heap before GC invocations=915 (full 3):
 PSYoungGen      total 2048K, used 1888K [0x00000000d5580000, 0x00000000d5980000, 0x0000000100000000)
  eden space 1536K, 100% used [0x00000000d5580000,0x00000000d5700000,0x00000000d5700000)
  from space 512K, 68% used [0x00000000d5880000,0x00000000d58d8000,0x00000000d5900000)
  to   space 512K, 0% used [0x00000000d5900000,0x00000000d5900000,0x00000000d5980000)
 ParOldGen       total 623616K, used 623468K [0x0000000080000000, 0x00000000a6100000, 0x00000000d5580000)
  object space 623616K, 99% used [0x0000000080000000,0x00000000a60db1e8,0x00000000a6100000)
 Metaspace       used 70722K, committed 72192K, reserved 1114112K
  class space    used 7470K, committed 8128K, reserved 1048576K
}
Event: 39.464 GC heap after
{Heap after GC invocations=915 (full 3):
 PSYoungGen      total 2560K, used 411K [0x00000000d5580000, 0x00000000d5980000, 0x0000000100000000)
  eden space 2048K, 0% used [0x00000000d5580000,0x00000000d5580000,0x00000000d5780000)
  from space 512K, 80% used [0x00000000d5900000,0x00000000d5966c08,0x00000000d5980000)
  to   space 512K, 0% used [0x00000000d5880000,0x00000000d5880000,0x00000000d5900000)
 ParOldGen       total 624128K, used 623716K [0x0000000080000000, 0x00000000a6180000, 0x00000000d5580000)
  object space 624128K, 99% used [0x0000000080000000,0x00000000a61191e8,0x00000000a6180000)
 Metaspace       used 70722K, committed 72192K, reserved 1114112K
  class space    used 7470K, committed 8128K, reserved 1048576K
}
Event: 39.557 GC heap before
{Heap before GC invocations=916 (full 3):
 PSYoungGen      total 2560K, used 2459K [0x00000000d5580000, 0x00000000d5980000, 0x0000000100000000)
  eden space 2048K, 100% used [0x00000000d5580000,0x00000000d5780000,0x00000000d5780000)
  from space 512K, 80% used [0x00000000d5900000,0x00000000d5966c08,0x00000000d5980000)
  to   space 512K, 0% used [0x00000000d5880000,0x00000000d5880000,0x00000000d5900000)
 ParOldGen       total 624128K, used 623716K [0x0000000080000000, 0x00000000a6180000, 0x00000000d5580000)
  object space 624128K, 99% used [0x0000000080000000,0x00000000a61191e8,0x00000000a6180000)
 Metaspace       used 70722K, committed 72192K, reserved 1114112K
  class space    used 7470K, committed 8128K, reserved 1048576K
}
Event: 39.559 GC heap after
{Heap after GC invocations=916 (full 3):
 PSYoungGen      total 3072K, used 416K [0x00000000d5580000, 0x00000000d5980000, 0x0000000100000000)
  eden space 2560K, 0% used [0x00000000d5580000,0x00000000d5580000,0x00000000d5800000)
  from space 512K, 81% used [0x00000000d5880000,0x00000000d58e8000,0x00000000d5900000)
  to   space 512K, 0% used [0x00000000d5900000,0x00000000d5900000,0x00000000d5980000)
 ParOldGen       total 624128K, used 623943K [0x0000000080000000, 0x00000000a6180000, 0x00000000d5580000)
  object space 624128K, 99% used [0x0000000080000000,0x00000000a6151df0,0x00000000a6180000)
 Metaspace       used 70722K, committed 72192K, reserved 1114112K
  class space    used 7470K, committed 8128K, reserved 1048576K
}
Event: 39.586 GC heap before
{Heap before GC invocations=917 (full 3):
 PSYoungGen      total 3072K, used 2963K [0x00000000d5580000, 0x00000000d5980000, 0x0000000100000000)
  eden space 2560K, 99% used [0x00000000d5580000,0x00000000d57fcc88,0x00000000d5800000)
  from space 512K, 81% used [0x00000000d5880000,0x00000000d58e8000,0x00000000d5900000)
  to   space 512K, 0% used [0x00000000d5900000,0x00000000d5900000,0x00000000d5980000)
 ParOldGen       total 624128K, used 623943K [0x0000000080000000, 0x00000000a6180000, 0x00000000d5580000)
  object space 624128K, 99% used [0x0000000080000000,0x00000000a6151df0,0x00000000a6180000)
 Metaspace       used 70722K, committed 72192K, reserved 1114112K
  class space    used 7470K, committed 8128K, reserved 1048576K
}
Event: 39.589 GC heap after
{Heap after GC invocations=917 (full 3):
 PSYoungGen      total 3072K, used 512K [0x00000000d5580000, 0x00000000d5a80000, 0x0000000100000000)
  eden space 2560K, 0% used [0x00000000d5580000,0x00000000d5580000,0x00000000d5800000)
  from space 512K, 100% used [0x00000000d5900000,0x00000000d5980000,0x00000000d5980000)
  to   space 1024K, 0% used [0x00000000d5800000,0x00000000d5800000,0x00000000d5900000)
 ParOldGen       total 624640K, used 624191K [0x0000000080000000, 0x00000000a6200000, 0x00000000d5580000)
  object space 624640K, 99% used [0x0000000080000000,0x00000000a618fdf0,0x00000000a6200000)
 Metaspace       used 70722K, committed 72192K, reserved 1114112K
  class space    used 7470K, committed 8128K, reserved 1048576K
}
Event: 39.600 GC heap before
{Heap before GC invocations=918 (full 3):
 PSYoungGen      total 3072K, used 3072K [0x00000000d5580000, 0x00000000d5a80000, 0x0000000100000000)
  eden space 2560K, 100% used [0x00000000d5580000,0x00000000d5800000,0x00000000d5800000)
  from space 512K, 100% used [0x00000000d5900000,0x00000000d5980000,0x00000000d5980000)
  to   space 1024K, 0% used [0x00000000d5800000,0x00000000d5800000,0x00000000d5900000)
 ParOldGen       total 624640K, used 624191K [0x0000000080000000, 0x00000000a6200000, 0x00000000d5580000)
  object space 624640K, 99% used [0x0000000080000000,0x00000000a618fdf0,0x00000000a6200000)
 Metaspace       used 70722K, committed 72192K, reserved 1114112K
  class space    used 7470K, committed 8128K, reserved 1048576K
}
Event: 39.602 GC heap after
{Heap after GC invocations=918 (full 3):
 PSYoungGen      total 3584K, used 534K [0x00000000d5580000, 0x00000000d5a80000, 0x0000000100000000)
  eden space 2560K, 0% used [0x00000000d5580000,0x00000000d5580000,0x00000000d5800000)
  from space 1024K, 52% used [0x00000000d5800000,0x00000000d5885808,0x00000000d5900000)
  to   space 1024K, 0% used [0x00000000d5980000,0x00000000d5980000,0x00000000d5a80000)
 ParOldGen       total 624640K, used 624535K [0x0000000080000000, 0x00000000a6200000, 0x00000000d5580000)
  object space 624640K, 99% used [0x0000000080000000,0x00000000a61e5df0,0x00000000a6200000)
 Metaspace       used 70722K, committed 72192K, reserved 1114112K
  class space    used 7470K, committed 8128K, reserved 1048576K
}
Event: 39.610 GC heap before
{Heap before GC invocations=919 (full 3):
 PSYoungGen      total 3584K, used 3086K [0x00000000d5580000, 0x00000000d5a80000, 0x0000000100000000)
  eden space 2560K, 99% used [0x00000000d5580000,0x00000000d57fe1d0,0x00000000d5800000)
  from space 1024K, 52% used [0x00000000d5800000,0x00000000d5885808,0x00000000d5900000)
  to   space 1024K, 0% used [0x00000000d5980000,0x00000000d5980000,0x00000000d5a80000)
 ParOldGen       total 624640K, used 624535K [0x0000000080000000, 0x00000000a6200000, 0x00000000d5580000)
  object space 624640K, 99% used [0x0000000080000000,0x00000000a61e5df0,0x00000000a6200000)
 Metaspace       used 70722K, committed 72192K, reserved 1114112K
  class space    used 7470K, committed 8128K, reserved 1048576K
}
Event: 39.612 GC heap after
{Heap after GC invocations=919 (full 3):
 PSYoungGen      total 4096K, used 480K [0x00000000d5580000, 0x00000000d5a80000, 0x0000000100000000)
  eden space 3072K, 0% used [0x00000000d5580000,0x00000000d5580000,0x00000000d5880000)
  from space 1024K, 46% used [0x00000000d5980000,0x00000000d59f8000,0x00000000d5a80000)
  to   space 1024K, 0% used [0x00000000d5880000,0x00000000d5880000,0x00000000d5980000)
 ParOldGen       total 625152K, used 624933K [0x0000000080000000, 0x00000000a6280000, 0x00000000d5580000)
  object space 625152K, 99% used [0x0000000080000000,0x00000000a62495f8,0x00000000a6280000)
 Metaspace       used 70722K, committed 72192K, reserved 1114112K
  class space    used 7470K, committed 8128K, reserved 1048576K
}
Event: 39.623 GC heap before
{Heap before GC invocations=920 (full 3):
 PSYoungGen      total 4096K, used 3552K [0x00000000d5580000, 0x00000000d5a80000, 0x0000000100000000)
  eden space 3072K, 100% used [0x00000000d5580000,0x00000000d5880000,0x00000000d5880000)
  from space 1024K, 46% used [0x00000000d5980000,0x00000000d59f8000,0x00000000d5a80000)
  to   space 1024K, 0% used [0x00000000d5880000,0x00000000d5880000,0x00000000d5980000)
 ParOldGen       total 625152K, used 624933K [0x0000000080000000, 0x00000000a6280000, 0x00000000d5580000)
  object space 625152K, 99% used [0x0000000080000000,0x00000000a62495f8,0x00000000a6280000)
 Metaspace       used 70722K, committed 72192K, reserved 1114112K
  class space    used 7470K, committed 8128K, reserved 1048576K
}
Event: 39.625 GC heap after
{Heap after GC invocations=920 (full 3):
 PSYoungGen      total 4096K, used 608K [0x00000000d5580000, 0x00000000d5a80000, 0x0000000100000000)
  eden space 3072K, 0% used [0x00000000d5580000,0x00000000d5580000,0x00000000d5880000)
  from space 1024K, 59% used [0x00000000d5880000,0x00000000d5918000,0x00000000d5980000)
  to   space 1024K, 0% used [0x00000000d5980000,0x00000000d5980000,0x00000000d5a80000)
 ParOldGen       total 625664K, used 625253K [0x0000000080000000, 0x00000000a6300000, 0x00000000d5580000)
  object space 625664K, 99% used [0x0000000080000000,0x00000000a62995f8,0x00000000a6300000)
 Metaspace       used 70722K, committed 72192K, reserved 1114112K
  class space    used 7470K, committed 8128K, reserved 1048576K
}
Event: 39.637 GC heap before
{Heap before GC invocations=921 (full 3):
 PSYoungGen      total 4096K, used 3678K [0x00000000d5580000, 0x00000000d5a80000, 0x0000000100000000)
  eden space 3072K, 99% used [0x00000000d5580000,0x00000000d587fa90,0x00000000d5880000)
  from space 1024K, 59% used [0x00000000d5880000,0x00000000d5918000,0x00000000d5980000)
  to   space 1024K, 0% used [0x00000000d5980000,0x00000000d5980000,0x00000000d5a80000)
 ParOldGen       total 625664K, used 625253K [0x0000000080000000, 0x00000000a6300000, 0x00000000d5580000)
  object space 625664K, 99% used [0x0000000080000000,0x00000000a62995f8,0x00000000a6300000)
 Metaspace       used 70722K, committed 72192K, reserved 1114112K
  class space    used 7470K, committed 8128K, reserved 1048576K
}
Event: 39.639 GC heap after
{Heap after GC invocations=921 (full 3):
 PSYoungGen      total 4096K, used 576K [0x00000000d5580000, 0x00000000d5a80000, 0x0000000100000000)
  eden space 3072K, 0% used [0x00000000d5580000,0x00000000d5580000,0x00000000d5880000)
  from space 1024K, 56% used [0x00000000d5980000,0x00000000d5a10000,0x00000000d5a80000)
  to   space 1024K, 0% used [0x00000000d5880000,0x00000000d5880000,0x00000000d5980000)
 ParOldGen       total 625664K, used 625645K [0x0000000080000000, 0x00000000a6300000, 0x00000000d5580000)
  object space 625664K, 99% used [0x0000000080000000,0x00000000a62fb5f8,0x00000000a6300000)
 Metaspace       used 70722K, committed 72192K, reserved 1114112K
  class space    used 7470K, committed 8128K, reserved 1048576K
}
Event: 39.651 GC heap before
{Heap before GC invocations=922 (full 3):
 PSYoungGen      total 4096K, used 3648K [0x00000000d5580000, 0x00000000d5a80000, 0x0000000100000000)
  eden space 3072K, 100% used [0x00000000d5580000,0x00000000d5880000,0x00000000d5880000)
  from space 1024K, 56% used [0x00000000d5980000,0x00000000d5a10000,0x00000000d5a80000)
  to   space 1024K, 0% used [0x00000000d5880000,0x00000000d5880000,0x00000000d5980000)
 ParOldGen       total 625664K, used 625645K [0x0000000080000000, 0x00000000a6300000, 0x00000000d5580000)
  object space 625664K, 99% used [0x0000000080000000,0x00000000a62fb5f8,0x00000000a6300000)
 Metaspace       used 70722K, committed 72192K, reserved 1114112K
  class space    used 7470K, committed 8128K, reserved 1048576K
}
Event: 39.652 GC heap after
{Heap after GC invocations=922 (full 3):
 PSYoungGen      total 4096K, used 588K [0x00000000d5580000, 0x00000000d5a80000, 0x0000000100000000)
  eden space 3072K, 0% used [0x00000000d5580000,0x00000000d5580000,0x00000000d5880000)
  from space 1024K, 57% used [0x00000000d5880000,0x00000000d5913008,0x00000000d5980000)
  to   space 1024K, 0% used [0x00000000d5980000,0x00000000d5980000,0x00000000d5a80000)
 ParOldGen       total 626176K, used 626005K [0x0000000080000000, 0x00000000a6380000, 0x00000000d5580000)
  object space 626176K, 99% used [0x0000000080000000,0x00000000a63555f8,0x00000000a6380000)
 Metaspace       used 70722K, committed 72192K, reserved 1114112K
  class space    used 7470K, committed 8128K, reserved 1048576K
}
Event: 39.663 GC heap before
{Heap before GC invocations=923 (full 3):
 PSYoungGen      total 4096K, used 3660K [0x00000000d5580000, 0x00000000d5a80000, 0x0000000100000000)
  eden space 3072K, 100% used [0x00000000d5580000,0x00000000d5880000,0x00000000d5880000)
  from space 1024K, 57% used [0x00000000d5880000,0x00000000d5913008,0x00000000d5980000)
  to   space 1024K, 0% used [0x00000000d5980000,0x00000000d5980000,0x00000000d5a80000)
 ParOldGen       total 626176K, used 626005K [0x0000000080000000, 0x00000000a6380000, 0x00000000d5580000)
  object space 626176K, 99% used [0x0000000080000000,0x00000000a63555f8,0x00000000a6380000)
 Metaspace       used 70722K, committed 72192K, reserved 1114112K
  class space    used 7470K, committed 8128K, reserved 1048576K
}
Event: 39.664 GC heap after
{Heap after GC invocations=923 (full 3):
 PSYoungGen      total 4096K, used 544K [0x00000000d5580000, 0x00000000d5a80000, 0x0000000100000000)
  eden space 3072K, 0% used [0x00000000d5580000,0x00000000d5580000,0x00000000d5880000)
  from space 1024K, 53% used [0x00000000d5980000,0x00000000d5a08000,0x00000000d5a80000)
  to   space 1024K, 0% used [0x00000000d5880000,0x00000000d5880000,0x00000000d5980000)
 ParOldGen       total 626688K, used 626481K [0x0000000080000000, 0x00000000a6400000, 0x00000000d5580000)
  object space 626688K, 99% used [0x0000000080000000,0x00000000a63cc600,0x00000000a6400000)
 Metaspace       used 70722K, committed 72192K, reserved 1114112K
  class space    used 7470K, committed 8128K, reserved 1048576K
}
Event: 39.674 GC heap before
{Heap before GC invocations=924 (full 3):
 PSYoungGen      total 4096K, used 3605K [0x00000000d5580000, 0x00000000d5a80000, 0x0000000100000000)
  eden space 3072K, 99% used [0x00000000d5580000,0x00000000d587d6d8,0x00000000d5880000)
  from space 1024K, 53% used [0x00000000d5980000,0x00000000d5a08000,0x00000000d5a80000)
  to   space 1024K, 0% used [0x00000000d5880000,0x00000000d5880000,0x00000000d5980000)
 ParOldGen       total 626688K, used 626481K [0x0000000080000000, 0x00000000a6400000, 0x00000000d5580000)
  object space 626688K, 99% used [0x0000000080000000,0x00000000a63cc600,0x00000000a6400000)
 Metaspace       used 70722K, committed 72192K, reserved 1114112K
  class space    used 7470K, committed 8128K, reserved 1048576K
}

Dll operation events (14 events):
Event: 0.011 Loaded shared library c:\Users\jeann\.vscode\extensions\redhat.java-1.54.0-win32-x64\jre\21.0.10-win32-x86_64\bin\java.dll
Event: 0.085 Loaded shared library c:\Users\jeann\.vscode\extensions\redhat.java-1.54.0-win32-x64\jre\21.0.10-win32-x86_64\bin\zip.dll
Event: 0.113 Loaded shared library C:\Users\jeann\.vscode\extensions\redhat.java-1.54.0-win32-x64\jre\21.0.10-win32-x86_64\bin\instrument.dll
Event: 0.119 Loaded shared library C:\Users\jeann\.vscode\extensions\redhat.java-1.54.0-win32-x64\jre\21.0.10-win32-x86_64\bin\net.dll
Event: 0.125 Loaded shared library C:\Users\jeann\.vscode\extensions\redhat.java-1.54.0-win32-x64\jre\21.0.10-win32-x86_64\bin\nio.dll
Event: 0.130 Loaded shared library C:\Users\jeann\.vscode\extensions\redhat.java-1.54.0-win32-x64\jre\21.0.10-win32-x86_64\bin\zip.dll
Event: 0.150 Loaded shared library C:\Users\jeann\.vscode\extensions\redhat.java-1.54.0-win32-x64\jre\21.0.10-win32-x86_64\bin\jimage.dll
Event: 0.245 Loaded shared library c:\Users\jeann\.vscode\extensions\redhat.java-1.54.0-win32-x64\jre\21.0.10-win32-x86_64\bin\verify.dll
Event: 2.599 Loaded shared library C:\Users\jeann\AppData\Roaming\Code\User\globalStorage\redhat.java\1.54.0\config_win\org.eclipse.equinox.launcher\org.eclipse.equinox.launcher.win32.win32.x86_64_1.3.0.v20260203-2149\eclipse_11919.dll
Event: 6.175 Loaded shared library C:\Users\jeann\.vscode\extensions\redhat.java-1.54.0-win32-x64\jre\21.0.10-win32-x86_64\bin\management.dll
Event: 6.178 Loaded shared library C:\Users\jeann\.vscode\extensions\redhat.java-1.54.0-win32-x64\jre\21.0.10-win32-x86_64\bin\management_ext.dll
Event: 10.858 Loaded shared library C:\Users\jeann\AppData\Local\Temp\jna-100998854\jna395829461139947517.dll
Event: 11.472 Loaded shared library C:\Users\jeann\.vscode\extensions\redhat.java-1.54.0-win32-x64\jre\21.0.10-win32-x86_64\bin\sunmscapi.dll
Event: 11.601 Loaded shared library C:\Users\jeann\.vscode\extensions\redhat.java-1.54.0-win32-x64\jre\21.0.10-win32-x86_64\bin\extnet.dll

Deoptimization events (20 events):
Event: 34.814 Thread 0x00000207e4a32080 DEOPT PACKING pc=0x00000207d128318c sp=0x0000001d77cff380
Event: 34.814 Thread 0x00000207e4a32080 DEOPT UNPACKING pc=0x00000207d01f3aa2 sp=0x0000001d77cff320 mode 2
Event: 35.679 Thread 0x00000207e4a32080 Uncommon trap: trap_request=0xffffff45 fr.pc=0x00000207d12941c0 relative=0x0000000000002200
Event: 35.679 Thread 0x00000207e4a32080 Uncommon trap: reason=unstable_if action=reinterpret pc=0x00000207d12941c0 method=org.eclipse.jdt.internal.compiler.classfmt.AnnotationInfo.decodeDefaultValue()Ljava/lang/Object; @ 24 c2
Event: 35.680 Thread 0x00000207e4a32080 DEOPT PACKING pc=0x00000207d12941c0 sp=0x0000001d77cfefb0
Event: 35.680 Thread 0x00000207e4a32080 DEOPT UNPACKING pc=0x00000207d01f3aa2 sp=0x0000001d77cfef70 mode 2
Event: 37.015 Thread 0x00000207e4a32080 Uncommon trap: trap_request=0xffffff45 fr.pc=0x00000207d125a9c8 relative=0x00000000000010c8
Event: 37.015 Thread 0x00000207e4a32080 Uncommon trap: reason=unstable_if action=reinterpret pc=0x00000207d125a9c8 method=org.eclipse.jdt.internal.compiler.classfmt.TypeAnnotationInfo.<init>([B[IIZZ)V @ 25 c2
Event: 37.015 Thread 0x00000207e4a32080 DEOPT PACKING pc=0x00000207d125a9c8 sp=0x0000001d77cff010
Event: 37.015 Thread 0x00000207e4a32080 DEOPT UNPACKING pc=0x00000207d01f3aa2 sp=0x0000001d77cff018 mode 2
Event: 37.055 Thread 0x00000207e4a32080 Uncommon trap: trap_request=0xffffff45 fr.pc=0x00000207d12acf20 relative=0x00000000000000c0
Event: 37.056 Thread 0x00000207e4a32080 Uncommon trap: reason=unstable_if action=reinterpret pc=0x00000207d12acf20 method=org.eclipse.jdt.internal.compiler.classfmt.AnnotationInfo.scanElementValue(I)I @ 12 c2
Event: 37.056 Thread 0x00000207e4a32080 DEOPT PACKING pc=0x00000207d12acf20 sp=0x0000001d77cfeff0
Event: 37.056 Thread 0x00000207e4a32080 DEOPT UNPACKING pc=0x00000207d01f3aa2 sp=0x0000001d77cfef70 mode 2
Event: 37.148 Thread 0x00000207e4a32080 Uncommon trap: trap_request=0xffffff45 fr.pc=0x00000207d12046f4 relative=0x0000000000001114
Event: 37.148 Thread 0x00000207e4a32080 Uncommon trap: reason=unstable_if action=reinterpret pc=0x00000207d12046f4 method=org.eclipse.jdt.internal.core.index.DiskIndex.writeStreamInt(Ljava/io/OutputStream;I)V @ 9 c2
Event: 37.148 Thread 0x00000207e4a32080 DEOPT PACKING pc=0x00000207d12046f4 sp=0x0000001d77cfefb0
Event: 37.148 Thread 0x00000207e4a32080 DEOPT UNPACKING pc=0x00000207d01f3aa2 sp=0x0000001d77cfeef0 mode 2
Event: 38.318 Thread 0x00000207e4a32080 DEOPT PACKING pc=0x00000207caa88148 sp=0x0000001d77cff180
Event: 38.318 Thread 0x00000207e4a32080 DEOPT UNPACKING pc=0x00000207d01f4242 sp=0x0000001d77cfe798 mode 0

Classes loaded (20 events):
Event: 24.956 Loading class java/util/concurrent/ConcurrentHashMap$KeySpliterator
Event: 24.956 Loading class java/util/concurrent/ConcurrentHashMap$KeySpliterator done
Event: 25.300 Loading class java/util/stream/ReferencePipeline$4
Event: 25.300 Loading class java/util/stream/ReferencePipeline$4 done
Event: 25.300 Loading class java/util/stream/Nodes$IntFixedNodeBuilder
Event: 25.300 Loading class java/util/stream/Node$Builder$OfInt
Event: 25.300 Loading class java/util/stream/Node$Builder$OfInt done
Event: 25.300 Loading class java/util/stream/Nodes$IntArrayNode
Event: 25.300 Loading class java/util/stream/Nodes$IntArrayNode done
Event: 25.300 Loading class java/util/stream/Nodes$IntFixedNodeBuilder done
Event: 25.300 Loading class java/util/stream/ReferencePipeline$4$1
Event: 25.301 Loading class java/util/stream/ReferencePipeline$4$1 done
Event: 25.912 Loading class jdk/internal/module/IllegalAccessLogger
Event: 25.912 Loading class jdk/internal/module/IllegalAccessLogger done
Event: 25.960 Loading class java/util/regex/PatternSyntaxException
Event: 25.960 Loading class java/util/regex/PatternSyntaxException done
Event: 26.463 Loading class java/io/CharArrayWriter
Event: 26.464 Loading class java/io/CharArrayWriter done
Event: 26.481 Loading class java/nio/file/attribute/PosixFileAttributes
Event: 26.481 Loading class java/nio/file/attribute/PosixFileAttributes done

Classes unloaded (16 events):
Event: 7.581 Thread 0x00000207c37bebf0 Unloading class 0x00000207811a9000 'java/lang/invoke/LambdaForm$MH+0x00000207811a9000'
Event: 7.581 Thread 0x00000207c37bebf0 Unloading class 0x00000207811a8c00 'java/lang/invoke/LambdaForm$MH+0x00000207811a8c00'
Event: 7.581 Thread 0x00000207c37bebf0 Unloading class 0x00000207811a8800 'java/lang/invoke/LambdaForm$MH+0x00000207811a8800'
Event: 7.581 Thread 0x00000207c37bebf0 Unloading class 0x00000207811a8400 'java/lang/invoke/LambdaForm$MH+0x00000207811a8400'
Event: 7.581 Thread 0x00000207c37bebf0 Unloading class 0x00000207811a8000 'java/lang/invoke/LambdaForm$BMH+0x00000207811a8000'
Event: 7.581 Thread 0x00000207c37bebf0 Unloading class 0x00000207811a7c00 'java/lang/invoke/LambdaForm$DMH+0x00000207811a7c00'
Event: 7.581 Thread 0x00000207c37bebf0 Unloading class 0x00000207811a6800 'java/lang/invoke/LambdaForm$DMH+0x00000207811a6800'
Event: 11.109 Thread 0x00000207c37bebf0 Unloading class 0x00000207812e9800 'java/lang/invoke/LambdaForm$MH+0x00000207812e9800'
Event: 11.109 Thread 0x00000207c37bebf0 Unloading class 0x00000207812e9400 'java/lang/invoke/LambdaForm$MH+0x00000207812e9400'
Event: 11.109 Thread 0x00000207c37bebf0 Unloading class 0x00000207812e9000 'java/lang/invoke/LambdaForm$MH+0x00000207812e9000'
Event: 11.109 Thread 0x00000207c37bebf0 Unloading class 0x00000207812e8800 'java/lang/invoke/LambdaForm$DMH+0x00000207812e8800'
Event: 11.109 Thread 0x00000207c37bebf0 Unloading class 0x00000207812e3c00 'java/lang/invoke/LambdaForm$MH+0x00000207812e3c00'
Event: 20.770 Thread 0x00000207c37bebf0 Unloading class 0x0000020781668c00 'java/lang/invoke/LambdaForm$DMH+0x0000020781668c00'
Event: 20.770 Thread 0x00000207c37bebf0 Unloading class 0x0000020781668400 'java/lang/invoke/LambdaForm$DMH+0x0000020781668400'
Event: 20.770 Thread 0x00000207c37bebf0 Unloading class 0x0000020781663c00 'java/lang/invoke/LambdaForm$DMH+0x0000020781663c00'
Event: 20.770 Thread 0x00000207c37bebf0 Unloading class 0x0000020781668800 'java/lang/invoke/LambdaForm$DMH+0x0000020781668800'

Classes redefined (0 events):
No events

Internal exceptions (20 events):
Event: 36.344 Thread 0x00000207e4a32080 Exception <a 'sun/nio/fs/WindowsException'{0x00000000d55d6568}> (0x00000000d55d6568) 
thrown [s\src\hotspot\share\prims\jni.cpp, line 520]
Event: 36.415 Thread 0x00000207e4a32080 Exception <a 'sun/nio/fs/WindowsException'{0x00000000d580a3a0}> (0x00000000d580a3a0) 
thrown [s\src\hotspot\share\prims\jni.cpp, line 520]
Event: 36.472 Thread 0x00000207e4a32080 Exception <a 'sun/nio/fs/WindowsException'{0x00000000d56dbc70}> (0x00000000d56dbc70) 
thrown [s\src\hotspot\share\prims\jni.cpp, line 520]
Event: 36.592 Thread 0x00000207e4a32080 Exception <a 'sun/nio/fs/WindowsException'{0x00000000d55a93f8}> (0x00000000d55a93f8) 
thrown [s\src\hotspot\share\prims\jni.cpp, line 520]
Event: 36.620 Thread 0x00000207e4a32080 Exception <a 'sun/nio/fs/WindowsException'{0x00000000d55a6b08}> (0x00000000d55a6b08) 
thrown [s\src\hotspot\share\prims\jni.cpp, line 520]
Event: 36.644 Thread 0x00000207e4a32080 Exception <a 'sun/nio/fs/WindowsException'{0x00000000d573ceb8}> (0x00000000d573ceb8) 
thrown [s\src\hotspot\share\prims\jni.cpp, line 520]
Event: 36.917 Thread 0x00000207e4a32080 Exception <a 'sun/nio/fs/WindowsException'{0x00000000d5766288}> (0x00000000d5766288) 
thrown [s\src\hotspot\share\prims\jni.cpp, line 520]
Event: 36.931 Thread 0x00000207e4a32080 Exception <a 'sun/nio/fs/WindowsException'{0x00000000d577efa8}> (0x00000000d577efa8) 
thrown [s\src\hotspot\share\prims\jni.cpp, line 520]
Event: 36.995 Thread 0x00000207e4a32080 Exception <a 'sun/nio/fs/WindowsException'{0x00000000d577a6e8}> (0x00000000d577a6e8) 
thrown [s\src\hotspot\share\prims\jni.cpp, line 520]
Event: 37.178 Thread 0x00000207e4a32080 Exception <a 'sun/nio/fs/WindowsException'{0x00000000d56fd848}> (0x00000000d56fd848) 
thrown [s\src\hotspot\share\prims\jni.cpp, line 520]
Event: 37.216 Thread 0x00000207e4a32080 Exception <a 'sun/nio/fs/WindowsException'{0x00000000d58821e8}> (0x00000000d58821e8) 
thrown [s\src\hotspot\share\prims\jni.cpp, line 520]
Event: 37.225 Thread 0x00000207e4a32080 Exception <a 'sun/nio/fs/WindowsException'{0x00000000d589ae78}> (0x00000000d589ae78) 
thrown [s\src\hotspot\share\prims\jni.cpp, line 520]
Event: 37.233 Thread 0x00000207e4a32080 Exception <a 'sun/nio/fs/WindowsException'{0x00000000d58b3a58}> (0x00000000d58b3a58) 
thrown [s\src\hotspot\share\prims\jni.cpp, line 520]
Event: 37.463 Thread 0x00000207e4a32080 Exception <a 'sun/nio/fs/WindowsException'{0x00000000d56d17a0}> (0x00000000d56d17a0) 
thrown [s\src\hotspot\share\prims\jni.cpp, line 520]
Event: 37.497 Thread 0x00000207e4a32080 Exception <a 'sun/nio/fs/WindowsException'{0x00000000d55a5938}> (0x00000000d55a5938) 
thrown [s\src\hotspot\share\prims\jni.cpp, line 520]
Event: 37.543 Thread 0x00000207e4a32080 Exception <a 'sun/nio/fs/WindowsException'{0x00000000d57fecc8}> (0x00000000d57fecc8) 
thrown [s\src\hotspot\share\prims\jni.cpp, line 520]
Event: 37.559 Thread 0x00000207e4a32080 Exception <a 'sun/nio/fs/WindowsException'{0x00000000d55c9210}> (0x00000000d55c9210) 
thrown [s\src\hotspot\share\prims\jni.cpp, line 520]
Event: 37.576 Thread 0x00000207e4a32080 Exception <a 'sun/nio/fs/WindowsException'{0x00000000d55e2648}> (0x00000000d55e2648) 
thrown [s\src\hotspot\share\prims\jni.cpp, line 520]
Event: 38.217 Thread 0x00000207e4a32080 Exception <a 'sun/nio/fs/WindowsException'{0x00000000d5603f00}> (0x00000000d5603f00) 
thrown [s\src\hotspot\share\prims\jni.cpp, line 520]
Event: 38.391 Thread 0x00000207e4a32080 Exception <a 'sun/nio/fs/WindowsException'{0x00000000d56197f0}> (0x00000000d56197f0) 
thrown [s\src\hotspot\share\prims\jni.cpp, line 520]

ZGC Phase Switch (0 events):
No events

VM Operations (20 events):
Event: 38.450 Executing safepoint VM operation: ParallelGCFailedAllocation (Allocation Failure) done
Event: 38.461 Executing safepoint VM operation: ParallelGCFailedAllocation (Allocation Failure)
Event: 39.464 Executing safepoint VM operation: ParallelGCFailedAllocation (Allocation Failure) done
Event: 39.556 Executing safepoint VM operation: ParallelGCFailedAllocation (Allocation Failure)
Event: 39.559 Executing safepoint VM operation: ParallelGCFailedAllocation (Allocation Failure) done
Event: 39.586 Executing safepoint VM operation: ParallelGCFailedAllocation (Allocation Failure)
Event: 39.589 Executing safepoint VM operation: ParallelGCFailedAllocation (Allocation Failure) done
Event: 39.600 Executing safepoint VM operation: ParallelGCFailedAllocation (Allocation Failure)
Event: 39.602 Executing safepoint VM operation: ParallelGCFailedAllocation (Allocation Failure) done
Event: 39.610 Executing safepoint VM operation: ParallelGCFailedAllocation (Allocation Failure)
Event: 39.612 Executing safepoint VM operation: ParallelGCFailedAllocation (Allocation Failure) done
Event: 39.623 Executing safepoint VM operation: ParallelGCFailedAllocation (Allocation Failure)
Event: 39.625 Executing safepoint VM operation: ParallelGCFailedAllocation (Allocation Failure) done
Event: 39.637 Executing safepoint VM operation: ParallelGCFailedAllocation (Allocation Failure)
Event: 39.639 Executing safepoint VM operation: ParallelGCFailedAllocation (Allocation Failure) done
Event: 39.651 Executing safepoint VM operation: ParallelGCFailedAllocation (Allocation Failure)
Event: 39.652 Executing safepoint VM operation: ParallelGCFailedAllocation (Allocation Failure) done
Event: 39.662 Executing safepoint VM operation: ParallelGCFailedAllocation (Allocation Failure)
Event: 39.664 Executing safepoint VM operation: ParallelGCFailedAllocation (Allocation Failure) done
Event: 39.674 Executing safepoint VM operation: ParallelGCFailedAllocation (Allocation Failure)

Memory protections (0 events):
No events

Nmethod flushes (20 events):
Event: 20.795 Thread 0x00000207c37bebf0 flushing  nmethod 0x00000207c9726690
Event: 20.795 Thread 0x00000207c37bebf0 flushing  nmethod 0x00000207c9729f90
Event: 20.795 Thread 0x00000207c37bebf0 flushing  nmethod 0x00000207c972cf10
Event: 20.795 Thread 0x00000207c37bebf0 flushing  nmethod 0x00000207c972e990
Event: 20.795 Thread 0x00000207c37bebf0 flushing  nmethod 0x00000207c972ed90
Event: 20.795 Thread 0x00000207c37bebf0 flushing  nmethod 0x00000207c972f210
Event: 20.795 Thread 0x00000207c37bebf0 flushing  nmethod 0x00000207c972f990
Event: 20.795 Thread 0x00000207c37bebf0 flushing  nmethod 0x00000207c972ff90
Event: 20.795 Thread 0x00000207c37bebf0 flushing  nmethod 0x00000207c9730390
Event: 20.795 Thread 0x00000207c37bebf0 flushing  nmethod 0x00000207c9730790
Event: 20.795 Thread 0x00000207c37bebf0 flushing  nmethod 0x00000207c9730c10
Event: 20.795 Thread 0x00000207c37bebf0 flushing  nmethod 0x00000207c9731190
Event: 20.795 Thread 0x00000207c37bebf0 flushing  nmethod 0x00000207c9732190
Event: 20.795 Thread 0x00000207c37bebf0 flushing  nmethod 0x00000207c9733610
Event: 20.795 Thread 0x00000207c37bebf0 flushing  nmethod 0x00000207c9733c10
Event: 20.795 Thread 0x00000207c37bebf0 flushing  nmethod 0x00000207c9735190
Event: 20.795 Thread 0x00000207c37bebf0 flushing osr nmethod 0x00000207c9774490
Event: 20.795 Thread 0x00000207c37bebf0 flushing  nmethod 0x00000207c97b2010
Event: 20.795 Thread 0x00000207c37bebf0 flushing  nmethod 0x00000207c97c2210
Event: 20.795 Thread 0x00000207c37bebf0 flushing  nmethod 0x00000207c97c2b90

Events (20 events):
Event: 26.139 Thread 0x00000207e4a32710 Thread added: 0x00000207e4e33cc0
Event: 26.139 Thread 0x00000207e4a32710 Thread added: 0x00000207e4e38b80
Event: 26.206 Thread 0x00000207e4e36ab0 Thread exited: 0x00000207e4e36ab0
Event: 26.206 Thread 0x00000207e4e33cc0 Thread exited: 0x00000207e4e33cc0
Event: 26.206 Thread 0x00000207e4e32fa0 Thread exited: 0x00000207e4e32fa0
Event: 26.206 Thread 0x00000207e4e37140 Thread exited: 0x00000207e4e37140
Event: 26.207 Thread 0x00000207e4e38b80 Thread exited: 0x00000207e4e38b80
Event: 27.114 Thread 0x00000207e51a6310 Thread exited: 0x00000207e51a6310
Event: 27.114 Thread 0x00000207e7fdd160 Thread exited: 0x00000207e7fdd160
Event: 27.987 Thread 0x00000207e4e3cfb0 Thread exited: 0x00000207e4e3cfb0
Event: 28.734 Thread 0x00000207ddabb500 Thread exited: 0x00000207ddabb500
Event: 28.750 Thread 0x00000207ddaba2e0 Thread exited: 0x00000207ddaba2e0
Event: 28.898 Thread 0x00000207dd9beb50 Thread added: 0x00000207e61a31e0
Event: 29.259 Thread 0x00000207e61a31e0 Thread exited: 0x00000207e61a31e0
Event: 30.299 Thread 0x00000207dd9beb50 Thread added: 0x00000207ed61f3f0
Event: 30.654 Thread 0x00000207ed61f3f0 Thread exited: 0x00000207ed61f3f0
Event: 30.852 Thread 0x00000207dd9b4f60 Thread added: 0x00000207e48d9360
Event: 32.313 Thread 0x00000207dd9b4f60 Thread added: 0x00000207e7d39290
Event: 32.867 Thread 0x00000207e7d39290 Thread exited: 0x00000207e7d39290
Event: 33.906 Thread 0x00000207e48d9360 Thread exited: 0x00000207e48d9360


Dynamic libraries:
0x00007ff671480000 - 0x00007ff67148e000 	c:\Users\jeann\.vscode\extensions\redhat.java-1.54.0-win32-x64\jre\21.0.10-win32-x86_64\bin\java.exe
0x00007ffe83840000 - 0x00007ffe83aa7000 	C:\WINDOWS\SYSTEM32\ntdll.dll
0x00007ffe81d70000 - 0x00007ffe81e39000 	C:\WINDOWS\System32\KERNEL32.DLL
0x00007ffe80340000 - 0x00007ffe80734000 	C:\WINDOWS\System32\KERNELBASE.dll
0x00007ffe807f0000 - 0x00007ffe8093b000 	C:\WINDOWS\System32\ucrtbase.dll
0x00007ffe616b0000 - 0x00007ffe616c8000 	c:\Users\jeann\.vscode\extensions\redhat.java-1.54.0-win32-x64\jre\21.0.10-win32-x86_64\bin\jli.dll
0x00007ffe61690000 - 0x00007ffe616ae000 	c:\Users\jeann\.vscode\extensions\redhat.java-1.54.0-win32-x64\jre\21.0.10-win32-x86_64\bin\VCRUNTIME140.dll
0x00007ffe82ab0000 - 0x00007ffe82c75000 	C:\WINDOWS\System32\USER32.dll
0x00007ffe80110000 - 0x00007ffe80137000 	C:\WINDOWS\System32\win32u.dll
0x00007ffe7f310000 - 0x00007ffe7f5a3000 	C:\WINDOWS\WinSxS\amd64_microsoft.windows.common-controls_6595b64144ccf1df_6.0.26100.8115_none_3e075c82e3354f9c\COMCTL32.dll
0x00007ffe83740000 - 0x00007ffe837e9000 	C:\WINDOWS\System32\msvcrt.dll
0x00007ffe83000000 - 0x00007ffe8302b000 	C:\WINDOWS\System32\GDI32.dll
0x00007ffe80a00000 - 0x00007ffe80b2b000 	C:\WINDOWS\System32\gdi32full.dll
0x00007ffe80740000 - 0x00007ffe807e3000 	C:\WINDOWS\System32\msvcp_win.dll
0x00007ffe83700000 - 0x00007ffe83732000 	C:\WINDOWS\System32\IMM32.DLL
0x00007ffe617f0000 - 0x00007ffe617fc000 	c:\Users\jeann\.vscode\extensions\redhat.java-1.54.0-win32-x64\jre\21.0.10-win32-x86_64\bin\vcruntime140_1.dll
0x00007ffe13790000 - 0x00007ffe1381d000 	c:\Users\jeann\.vscode\extensions\redhat.java-1.54.0-win32-x64\jre\21.0.10-win32-x86_64\bin\msvcp140.dll
0x00007ffdde710000 - 0x00007ffddf4b1000 	c:\Users\jeann\.vscode\extensions\redhat.java-1.54.0-win32-x64\jre\21.0.10-win32-x86_64\bin\server\jvm.dll
0x00007ffe83030000 - 0x00007ffe830e6000 	C:\WINDOWS\System32\ADVAPI32.dll
0x00007ffe82f50000 - 0x00007ffe82ff7000 	C:\WINDOWS\System32\sechost.dll
0x00007ffe81740000 - 0x00007ffe81858000 	C:\WINDOWS\System32\RPCRT4.dll
0x00007ffe835b0000 - 0x00007ffe83630000 	C:\WINDOWS\System32\WS2_32.dll
0x00007ffe7ff90000 - 0x00007ffe7ffee000 	C:\WINDOWS\SYSTEM32\POWRPROF.dll
0x00007ffe78870000 - 0x00007ffe7887b000 	C:\WINDOWS\SYSTEM32\VERSION.dll
0x00007ffe78370000 - 0x00007ffe783a6000 	C:\WINDOWS\SYSTEM32\WINMM.dll
0x00007ffe7ff50000 - 0x00007ffe7ff64000 	C:\WINDOWS\SYSTEM32\UMPDC.dll
0x00007ffe7e540000 - 0x00007ffe7e55b000 	C:\WINDOWS\SYSTEM32\kernel.appcore.dll
0x00007ffe61400000 - 0x00007ffe6140a000 	c:\Users\jeann\.vscode\extensions\redhat.java-1.54.0-win32-x64\jre\21.0.10-win32-x86_64\bin\jimage.dll
0x00007ffe7f8e0000 - 0x00007ffe7fb22000 	C:\WINDOWS\SYSTEM32\DBGHELP.DLL
0x00007ffe81e50000 - 0x00007ffe821d2000 	C:\WINDOWS\System32\combase.dll
0x00007ffe829d0000 - 0x00007ffe82aa8000 	C:\WINDOWS\System32\OLEAUT32.dll
0x00007ffe7f7b0000 - 0x00007ffe7f7eb000 	C:\WINDOWS\SYSTEM32\dbgcore.DLL
0x00007ffe81520000 - 0x00007ffe815c5000 	C:\WINDOWS\System32\bcryptPrimitives.dll
0x00007ffe613f0000 - 0x00007ffe613ff000 	c:\Users\jeann\.vscode\extensions\redhat.java-1.54.0-win32-x64\jre\21.0.10-win32-x86_64\bin\instrument.dll
0x00007ffe5d820000 - 0x00007ffe5d840000 	c:\Users\jeann\.vscode\extensions\redhat.java-1.54.0-win32-x64\jre\21.0.10-win32-x86_64\bin\java.dll
0x00007ffe821e0000 - 0x00007ffe82947000 	C:\WINDOWS\System32\SHELL32.dll
0x00007ffe801d0000 - 0x00007ffe8033a000 	C:\WINDOWS\System32\wintypes.dll
0x00007ffe80b30000 - 0x00007ffe81398000 	C:\WINDOWS\System32\windows.storage.dll
0x00007ffe83320000 - 0x00007ffe83418000 	C:\WINDOWS\System32\SHCORE.dll
0x00007ffe82960000 - 0x00007ffe829c6000 	C:\WINDOWS\System32\shlwapi.dll
0x00007ffe80030000 - 0x00007ffe80059000 	C:\WINDOWS\SYSTEM32\profapi.dll
0x00007ffe5d800000 - 0x00007ffe5d818000 	c:\Users\jeann\.vscode\extensions\redhat.java-1.54.0-win32-x64\jre\21.0.10-win32-x86_64\bin\zip.dll
0x00007ffe613e0000 - 0x00007ffe613f0000 	C:\Users\jeann\.vscode\extensions\redhat.java-1.54.0-win32-x64\jre\21.0.10-win32-x86_64\bin\net.dll
0x00007ffe78590000 - 0x00007ffe786bd000 	C:\WINDOWS\SYSTEM32\WINHTTP.dll
0x00007ffe7eaa0000 - 0x00007ffe7eb0c000 	C:\WINDOWS\system32\mswsock.dll
0x00007ffe5d720000 - 0x00007ffe5d736000 	C:\Users\jeann\.vscode\extensions\redhat.java-1.54.0-win32-x64\jre\21.0.10-win32-x86_64\bin\nio.dll
0x00007ffe5d710000 - 0x00007ffe5d720000 	c:\Users\jeann\.vscode\extensions\redhat.java-1.54.0-win32-x64\jre\21.0.10-win32-x86_64\bin\verify.dll
0x00007ffe3e5e0000 - 0x00007ffe3e625000 	C:\Users\jeann\AppData\Roaming\Code\User\globalStorage\redhat.java\1.54.0\config_win\org.eclipse.equinox.launcher\org.eclipse.equinox.launcher.win32.win32.x86_64_1.3.0.v20260203-2149\eclipse_11919.dll
0x00007ffe830f0000 - 0x00007ffe83287000 	C:\WINDOWS\System32\ole32.dll
0x00007ffe644c0000 - 0x00007ffe644ca000 	C:\Users\jeann\.vscode\extensions\redhat.java-1.54.0-win32-x64\jre\21.0.10-win32-x86_64\bin\management.dll
0x00007ffe5d700000 - 0x00007ffe5d70c000 	C:\Users\jeann\.vscode\extensions\redhat.java-1.54.0-win32-x64\jre\21.0.10-win32-x86_64\bin\management_ext.dll
0x00007ffe81730000 - 0x00007ffe81738000 	C:\WINDOWS\System32\PSAPI.DLL
0x00007ffe7fc30000 - 0x00007ffe7fc4b000 	C:\WINDOWS\SYSTEM32\CRYPTSP.dll
0x00007ffe7ed90000 - 0x00007ffe7edc9000 	C:\WINDOWS\system32\rsaenh.dll
0x00007ffe7eb10000 - 0x00007ffe7eb43000 	C:\WINDOWS\SYSTEM32\USERENV.dll
0x00007ffe80000000 - 0x00007ffe8002a000 	C:\WINDOWS\SYSTEM32\bcrypt.dll
0x00007ffe7ed80000 - 0x00007ffe7ed8c000 	C:\WINDOWS\SYSTEM32\CRYPTBASE.dll
0x00007ffe7df50000 - 0x00007ffe7df82000 	C:\WINDOWS\SYSTEM32\IPHLPAPI.DLL
0x00007ffe837f0000 - 0x00007ffe837fa000 	C:\WINDOWS\System32\NSI.dll
0x00007ffe09eb0000 - 0x00007ffe09ef9000 	C:\Users\jeann\AppData\Local\Temp\jna-100998854\jna395829461139947517.dll
0x00007ffe78850000 - 0x00007ffe7886d000 	C:\WINDOWS\SYSTEM32\dhcpcsvc6.DLL
0x00007ffe78340000 - 0x00007ffe78365000 	C:\WINDOWS\SYSTEM32\dhcpcsvc.DLL
0x00007ffe644d0000 - 0x00007ffe644de000 	C:\Users\jeann\.vscode\extensions\redhat.java-1.54.0-win32-x64\jre\21.0.10-win32-x86_64\bin\sunmscapi.dll
0x00007ffe813a0000 - 0x00007ffe81517000 	C:\WINDOWS\System32\CRYPT32.dll
0x00007ffe7f1d0000 - 0x00007ffe7f200000 	C:\WINDOWS\SYSTEM32\ncrypt.dll
0x00007ffe7f0c0000 - 0x00007ffe7f0ff000 	C:\WINDOWS\SYSTEM32\NTASN1.dll
0x00007ffe7df90000 - 0x00007ffe7e0c2000 	C:\WINDOWS\SYSTEM32\DNSAPI.dll
0x00007ffe6dfc0000 - 0x00007ffe6dfcb000 	C:\Windows\System32\rasadhlp.dll
0x00007ffe760c0000 - 0x00007ffe76146000 	C:\WINDOWS\System32\fwpuclnt.dll
0x00007ffe7a930000 - 0x00007ffe7a939000 	C:\Users\jeann\.vscode\extensions\redhat.java-1.54.0-win32-x64\jre\21.0.10-win32-x86_64\bin\extnet.dll

JVMTI agents:
c:\Users\jeann\.vscode\extensions\redhat.java-1.54.0-win32-x64\lombok\lombok-1.18.39-4050.jar path:c:\Users\jeann\.vscode\extensions\redhat.java-1.54.0-win32-x64\jre\21.0.10-win32-x86_64\bin\instrument.dll, loaded, initialized, instrumentlib options:none

dbghelp: loaded successfully - version: 4.0.5 - missing functions: none
symbol engine: initialized successfully - sym options: 0x614 - pdb path: .;c:\Users\jeann\.vscode\extensions\redhat.java-1.54.0-win32-x64\jre\21.0.10-win32-x86_64\bin;C:\WINDOWS\SYSTEM32;C:\WINDOWS\WinSxS\amd64_microsoft.windows.common-controls_6595b64144ccf1df_6.0.26100.8115_none_3e075c82e3354f9c;c:\Users\jeann\.vscode\extensions\redhat.java-1.54.0-win32-x64\jre\21.0.10-win32-x86_64\bin\server;C:\Users\jeann\AppData\Roaming\Code\User\globalStorage\redhat.java\1.54.0\config_win\org.eclipse.equinox.launcher\org.eclipse.equinox.launcher.win32.win32.x86_64_1.3.0.v20260203-2149;C:\Users\jeann\AppData\Local\Temp\jna-100998854

VM Arguments:
jvm_args: --add-modules=ALL-SYSTEM --add-opens=java.base/java.util=ALL-UNNAMED --add-opens=java.base/java.lang=ALL-UNNAMED --add-opens=java.base/sun.nio.fs=ALL-UNNAMED -Declipse.application=org.eclipse.jdt.ls.core.id1 -Dosgi.bundles.defaultStartLevel=4 -Declipse.product=org.eclipse.jdt.ls.core.product -Djava.import.generatesMetadataFilesAtProjectRoot=false -DDetectVMInstallationsJob.disabled=true -Dfile.encoding=utf8 -XX:+UseParallelGC -XX:GCTimeRatio=4 -XX:AdaptiveSizePolicyWeight=90 -Dsun.zip.disableMemoryMapping=true -Xmx2G -Xms100m -Xlog:disable -javaagent:c:\Users\jeann\.vscode\extensions\redhat.java-1.54.0-win32-x64\lombok\lombok-1.18.39-4050.jar -XX:+HeapDumpOnOutOfMemoryError -XX:HeapDumpPath=c:\Users\jeann\AppData\Roaming\Code\User\workspaceStorage\4f8de468f99ca60750c283439e57efd3\redhat.java -Daether.dependencyCollector.impl=bf 
java_command: c:\Users\jeann\.vscode\extensions\redhat.java-1.54.0-win32-x64\server\plugins\org.eclipse.equinox.launcher_1.7.100.v20251111-0406.jar -configuration c:\Users\jeann\AppData\Roaming\Code\User\globalStorage\redhat.java\1.54.0\config_win -data c:\Users\jeann\AppData\Roaming\Code\User\workspaceStorage\4f8de468f99ca60750c283439e57efd3\redhat.java\jdt_ws --pipe=\\.\pipe\lsp-f18ffec28615f7a0525564d3e73c4fbe-sock
java_class_path (initial): c:\Users\jeann\.vscode\extensions\redhat.java-1.54.0-win32-x64\server\plugins\org.eclipse.equinox.launcher_1.7.100.v20251111-0406.jar
Launcher Type: SUN_STANDARD

[Global flags]
    uintx AdaptiveSizePolicyWeight                 = 90                                        {product} {command line}
     intx CICompilerCount                          = 12                                        {product} {ergonomic}
    uintx GCTimeRatio                              = 4                                         {product} {command line}
     bool HeapDumpOnOutOfMemoryError               = true                                   {manageable} {command line}
    ccstr HeapDumpPath                             = c:\Users\jeann\AppData\Roaming\Code\User\workspaceStorage\4f8de468f99ca60750c283439e57efd3\redhat.java         {manageable} {command line}
   size_t InitialHeapSize                          = 104857600                                 {product} {command line}
   size_t MaxHeapSize                              = 2147483648                                {product} {command line}
   size_t MaxNewSize                               = 715653120                                 {product} {ergonomic}
   size_t MinHeapDeltaBytes                        = 524288                                    {product} {ergonomic}
   size_t MinHeapSize                              = 104857600                                 {product} {command line}
   size_t NewSize                                  = 34603008                                  {product} {ergonomic}
    uintx NonNMethodCodeHeapSize                   = 7602480                                {pd product} {ergonomic}
    uintx NonProfiledCodeHeapSize                  = 122027880                              {pd product} {ergonomic}
   size_t OldSize                                  = 70254592                                  {product} {ergonomic}
    uintx ProfiledCodeHeapSize                     = 122027880                              {pd product} {ergonomic}
    uintx ReservedCodeCacheSize                    = 251658240                              {pd product} {ergonomic}
     bool SegmentedCodeCache                       = true                                      {product} {ergonomic}
   size_t SoftMaxHeapSize                          = 2147483648                             {manageable} {ergonomic}
     bool UseCompressedOops                        = true                           {product lp64_product} {ergonomic}
     bool UseLargePagesIndividualAllocation        = false                                  {pd product} {ergonomic}
     bool UseParallelGC                            = true                                      {product} {command line}

Logging:
Log output configuration:
 #0: stdout all=off uptime,level,tags foldmultilines=false
 #1: stderr all=off uptime,level,tags foldmultilines=false

Release file:
JAVA_VERSION="21.0.10" 
MODULES="java.base java.compiler java.datatransfer java.xml java.prefs java.desktop java.instrument java.logging java.management java.security.sasl java.naming java.rmi java.management.rmi java.net.http java.scripting java.security.jgss java.transaction.xa java.sql java.sql.rowset java.xml.crypto java.se java.smartcardio jdk.accessibility jdk.internal.jvmstat jdk.attach jdk.charsets jdk.internal.opt jdk.zipfs jdk.compiler jdk.crypto.ec jdk.crypto.cryptoki jdk.crypto.mscapi jdk.dynalink jdk.internal.ed jdk.editpad jdk.hotspot.agent jdk.httpserver jdk.internal.le jdk.internal.vm.ci jdk.internal.vm.compiler jdk.internal.vm.compiler.management jdk.jartool jdk.javadoc jdk.jcmd jdk.management jdk.management.agent jdk.jconsole jdk.jdeps jdk.jdwp.agent jdk.jdi jdk.jfr jdk.jshell jdk.jsobject jdk.jstatd jdk.localedata jdk.management.jfr jdk.naming.dns jdk.naming.rmi jdk.net jdk.nio.mapmode jdk.random jdk.sctp jdk.security.auth jdk.security.jgss jdk.unsupported jdk.unsupported.desktop jdk.xml.dom" 

Environment Variables:
PATH=C:\Users\jeann\AppData\Local\Programs\Microsoft VS Code;C:\Program Files\Eclipse Adoptium\jdk-25.0.3.9-hotspot\bin;C:\Program Files\Common Files\Oracle\Java\javapath;C:\Program Files (x86)\Common Files\Oracle\Java\java8path;C:\Program Files (x86)\Common Files\Oracle\Java\javapath;C:\WINDOWS\system32;C:\WINDOWS;C:\WINDOWS\System32\Wbem;C:\WINDOWS\System32\WindowsPowerShell\v1.0\;C:\WINDOWS\System32\OpenSSH\;C:\Program Files\NVIDIA Corporation\NVIDIA App\NvDLISR;C:\Program Files (x86)\NVIDIA Corporation\PhysX\Common;C:\Program Files\dotnet\;C:\Program Files\Git\cmd;C:\Program Files\nodejs\;C:\ProgramData\chocolatey\bin;C:\Users\jeann\AppData\Local\Programs\Python\Python312\Scripts\;C:\Users\jeann\AppData\Local\Programs\Python\Python312\;C:\Users\jeann\AppData\Local\Programs\Python\Python314\Scripts\;C:\Users\jeann\AppData\Local\Programs\Python\Python314\;C:\Users\jeann\AppData\Local\Microsoft\WindowsApps;C:\Users\jeann\AppData\Local\Programs\Microsoft VS Code\bin;C:\Users\jeann\AppData\Roaming\npm;C:\Program Files\MySQL\MySQL Server 8.0\bin;
USERNAME=jeann
OS=Windows_NT
PROCESSOR_IDENTIFIER=AMD64 Family 23 Model 96 Stepping 1, AuthenticAMD
TMP=C:\Users\jeann\AppData\Local\Temp
TEMP=C:\Users\jeann\AppData\Local\Temp




Periodic native trim disabled

---------------  S Y S T E M  ---------------

OS:
 Windows 11 , 64 bit Build 26100 (10.0.26100.8246)
OS uptime: 0 days 2:14 hours
Hyper-V role detected

CPU: total 16 (initial active 16) (16 cores per cpu, 2 threads per core) family 23 model 96 stepping 1 microcode 0x860010f, cx8, cmov, fxsr, ht, mmx, 3dnowpref, sse, sse2, sse3, ssse3, sse4a, sse4.1, sse4.2, popcnt, lzcnt, tsc, tscinvbit, avx, avx2, aes, clmul, bmi1, bmi2, adx, sha, fma, vzeroupper, clflush, clflushopt, hv, rdtscp, rdpid, f16c
Processor Information for the first 16 processors :
  Max Mhz: 2900, Current Mhz: 2900, Mhz Limit: 2900

Memory: 4k page, system-wide physical 7537M (776M free)
TotalPageFile size 19825M (AvailPageFile size 9M)
current process WorkingSet (physical memory assigned to process): 669M, peak: 739M
current process commit charge ("private bytes"): 956M, peak: 956M

vm_info: OpenJDK 64-Bit Server VM (21.0.10+7-LTS) for windows-amd64 JRE (21.0.10+7-LTS), built on 2026-01-20T00:00:00Z by "admin" with MS VC++ 17.12 (VS2022)

END.
